[26.10.2011 12:29:32] Found 297 employees in file ./employers_110101_0_0.xml
[26.10.2011 12:29:32] Employee 8784 АВЕРЬЯНОВА МАРИНА ВАДИМОВНА inserted in table employees
[26.10.2011 12:29:32] Employee 8784 АВЕРЬЯНОВА МАРИНА ВАДИМОВНА inserted in table employees_history
[26.10.2011 12:29:32] Employee 8680 АВТУНИЧ АЛЕКСЕЙ ВЛАДИМИРОВИЧ inserted in table employees
[26.10.2011 12:29:32] Employee 8680 АВТУНИЧ АЛЕКСЕЙ ВЛАДИМИРОВИЧ inserted in table employees_history
[26.10.2011 12:29:32] Employee 5431 АЛЕКСЕЕНКО УЛЬЯНА ФЕДОРОВНА inserted in table employees
[26.10.2011 12:29:32] Employee 5431 АЛЕКСЕЕНКО УЛЬЯНА ФЕДОРОВНА inserted in table employees_history
[26.10.2011 12:29:32] Employee 8674 АЛМАКАЕВА ВЕНЕРА ШАМИЛЬЕВНА inserted in table employees
[26.10.2011 12:29:32] Employee 8674 АЛМАКАЕВА ВЕНЕРА ШАМИЛЬЕВНА inserted in table employees_history
[26.10.2011 12:29:32] Employee 8331 АНИСКИН АЛЕКСЕЙ МИХАЙЛОВИЧ inserted in table employees
[26.10.2011 12:29:32] Employee 8331 АНИСКИН АЛЕКСЕЙ МИХАЙЛОВИЧ inserted in table employees_history
[26.10.2011 12:29:32] Employee 8663 АНТОШИН СЕРГЕЙ ВИКТОРОВИЧ inserted in table employees
[26.10.2011 12:29:32] Employee 8663 АНТОШИН СЕРГЕЙ ВИКТОРОВИЧ inserted in table employees_history
[26.10.2011 12:29:32] Employee 8657 АНЮХИН ВАДИМ ВАЛЕРЬЕВИЧ inserted in table employees
[26.10.2011 12:29:32] Employee 8657 АНЮХИН ВАДИМ ВАЛЕРЬЕВИЧ inserted in table employees_history
[26.10.2011 12:29:32] Employee 8545 АРХИПОВ ЯКОВ БОРИСОВИЧ inserted in table employees
[26.10.2011 12:29:32] Employee 8545 АРХИПОВ ЯКОВ БОРИСОВИЧ inserted in table employees_history
[26.10.2011 12:29:32] Employee 7314 АФАНАСЬЕВА ЕЛИЗАВЕТА АНДРЕЕВНА inserted in table employees
[26.10.2011 12:29:32] Employee 7314 АФАНАСЬЕВА ЕЛИЗАВЕТА АНДРЕЕВНА inserted in table employees_history
[26.10.2011 12:29:32] Employee 6881 БАБЧЕНКО АНДРЕЙ АНАТОЛЬЕВИЧ inserted in table employees
[26.10.2011 12:29:32] Employee 6881 БАБЧЕНКО АНДРЕЙ АНАТОЛЬЕВИЧ inserted in table employees_history
[26.10.2011 12:29:32] Employee 8592 БАРАБАШОВА КСЕНИЯ ДМИТРИЕВНА inserted in table employees
[26.10.2011 12:29:32] Employee 8592 БАРАБАШОВА КСЕНИЯ ДМИТРИЕВНА inserted in table employees_history
[26.10.2011 12:29:32] Employee 8689 БАРБОЛИН ДМИТРИЙ НИКОЛАЕВИЧ inserted in table employees
[26.10.2011 12:29:32] Employee 8689 БАРБОЛИН ДМИТРИЙ НИКОЛАЕВИЧ inserted in table employees_history
[26.10.2011 12:29:32] Employee 7209 БАРСАЙ ДЕНИС ВАЛЕРЬЕВИЧ inserted in table employees
[26.10.2011 12:29:32] Employee 7209 БАРСАЙ ДЕНИС ВАЛЕРЬЕВИЧ inserted in table employees_history
[26.10.2011 12:29:32] Employee 8679 БАСОВ АЛЕКСЕЙ ВЛАДИМИРОВИЧ inserted in table employees
[26.10.2011 12:29:32] Employee 8679 БАСОВ АЛЕКСЕЙ ВЛАДИМИРОВИЧ inserted in table employees_history
[26.10.2011 12:29:32] Employee 7513 БАУКОВА МАРИЯ ВЛАДИМИРОВНА inserted in table employees
[26.10.2011 12:29:32] Employee 7513 БАУКОВА МАРИЯ ВЛАДИМИРОВНА inserted in table employees_history
[26.10.2011 12:29:32] Employee 1445 БЕДАШ ЛЮДМИЛА БОРИСОВНА inserted in table employees
[26.10.2011 12:29:32] Employee 1445 БЕДАШ ЛЮДМИЛА БОРИСОВНА inserted in table employees_history
[26.10.2011 12:29:32] Employee 8672 БЕЙСПЕКОВ КАЙСАР ЕРГАЛИЕВИЧ inserted in table employees
[26.10.2011 12:29:32] Employee 8672 БЕЙСПЕКОВ КАЙСАР ЕРГАЛИЕВИЧ inserted in table employees_history
[26.10.2011 12:29:32] Employee 8760 БЛИНЧИКОВ АЛЕКСАНДР ЕВГЕНЬЕВИЧ inserted in table employees
[26.10.2011 12:29:32] Employee 8760 БЛИНЧИКОВ АЛЕКСАНДР ЕВГЕНЬЕВИЧ inserted in table employees_history
[26.10.2011 12:29:32] Employee 8755 БЛОХИНА ДАРЬЯ ВЛАДИМИРОВНА inserted in table employees
[26.10.2011 12:29:32] Employee 8755 БЛОХИНА ДАРЬЯ ВЛАДИМИРОВНА inserted in table employees_history
[26.10.2011 12:29:32] Employee 8742 БОБРОВА СВЕТЛАНА ВЛАДИМИРОВНА inserted in table employees
[26.10.2011 12:29:32] Employee 8742 БОБРОВА СВЕТЛАНА ВЛАДИМИРОВНА inserted in table employees_history
[26.10.2011 12:29:32] Employee 8736 БОЙКО АРТЕМ ОЛЕГОВИЧ inserted in table employees
[26.10.2011 12:29:32] Employee 8736 БОЙКО АРТЕМ ОЛЕГОВИЧ inserted in table employees_history
[26.10.2011 12:29:32] Employee 8433 БОЙКО ВИТАЛИЙ ВИКТОРОВИЧ inserted in table employees
[26.10.2011 12:29:32] Employee 8433 БОЙКО ВИТАЛИЙ ВИКТОРОВИЧ inserted in table employees_history
[26.10.2011 12:29:32] Employee 8719 БОКАРЕВ ДЕНИС АЛЕКСЕЕВИЧ inserted in table employees
[26.10.2011 12:29:32] Employee 8719 БОКАРЕВ ДЕНИС АЛЕКСЕЕВИЧ inserted in table employees_history
[26.10.2011 12:29:32] Employee 8636 БОРТАСЕВИЧ ВЛАДИСЛАВ ВИКТОРОВИЧ inserted in table employees
[26.10.2011 12:29:32] Employee 8636 БОРТАСЕВИЧ ВЛАДИСЛАВ ВИКТОРОВИЧ inserted in table employees_history
[26.10.2011 12:29:32] Employee 8003 БРЕШКОВА СВЕТЛАНА ЕВГЕНЬЕВНА inserted in table employees
[26.10.2011 12:29:32] Employee 8003 БРЕШКОВА СВЕТЛАНА ЕВГЕНЬЕВНА inserted in table employees_history
[26.10.2011 12:29:32] Employee 8669 БРОДЯНСКАЯ СВЕТЛАНА ЛЕОНТЬЕВНА inserted in table employees
[26.10.2011 12:29:32] Employee 8669 БРОДЯНСКАЯ СВЕТЛАНА ЛЕОНТЬЕВНА inserted in table employees_history
[26.10.2011 12:29:32] Employee 8273 БУДКОВА АНАСТАСИЯ СЕРГЕЕВНА inserted in table employees
[26.10.2011 12:29:32] Employee 8273 БУДКОВА АНАСТАСИЯ СЕРГЕЕВНА inserted in table employees_history
[26.10.2011 12:29:32] Employee 8751 БУЙНОВА ТАТЬЯНА ЮРЬЕВНА inserted in table employees
[26.10.2011 12:29:32] Employee 8751 БУЙНОВА ТАТЬЯНА ЮРЬЕВНА inserted in table employees_history
[26.10.2011 12:29:32] Employee 8749 БУКИН АНДРЕЙ ЮРЬЕВИЧ inserted in table employees
[26.10.2011 12:29:32] Employee 8749 БУКИН АНДРЕЙ ЮРЬЕВИЧ inserted in table employees_history
[26.10.2011 12:29:32] Employee 8610 БУНЬКОВ АЛЕКСЕЙ ВАСИЛЬЕВИЧ inserted in table employees
[26.10.2011 12:29:32] Employee 8610 БУНЬКОВ АЛЕКСЕЙ ВАСИЛЬЕВИЧ inserted in table employees_history
[26.10.2011 12:29:32] Employee 6900 БУРЫЛИН СЕРГЕЙ АНАТОЛЬЕВИЧ inserted in table employees
[26.10.2011 12:29:32] Employee 6900 БУРЫЛИН СЕРГЕЙ АНАТОЛЬЕВИЧ inserted in table employees_history
[26.10.2011 12:29:32] Employee 8745 БУРЬЯНОВА ЕЛЕНА ВЛАДИМИРОВНА inserted in table employees
[26.10.2011 12:29:32] Employee 8745 БУРЬЯНОВА ЕЛЕНА ВЛАДИМИРОВНА inserted in table employees_history
[26.10.2011 12:29:32] Employee 8528 БУТЫРИН АЛЕКСАНДР ЕВГЕНЬЕВИЧ inserted in table employees
[26.10.2011 12:29:32] Employee 8528 БУТЫРИН АЛЕКСАНДР ЕВГЕНЬЕВИЧ inserted in table employees_history
[26.10.2011 12:29:32] Employee 967 ВАРТИЧАН ОКСАНА ОЛЕГОВНА inserted in table employees
[26.10.2011 12:29:32] Employee 967 ВАРТИЧАН ОКСАНА ОЛЕГОВНА inserted in table employees_history
[26.10.2011 12:29:32] Employee 8608 ВАСИН АЛЕКСЕЙ ОЛЕГОВИЧ inserted in table employees
[26.10.2011 12:29:32] Employee 8608 ВАСИН АЛЕКСЕЙ ОЛЕГОВИЧ inserted in table employees_history
[26.10.2011 12:29:32] Employee 8775 ВАСИЯРОВ ИГОРЬ ГЕОРГИЕВИЧ inserted in table employees
[26.10.2011 12:29:32] Employee 8775 ВАСИЯРОВ ИГОРЬ ГЕОРГИЕВИЧ inserted in table employees_history
[26.10.2011 12:29:32] Employee 8710 ВАСЮНИН АЛЕКСАНДР ВИКТОРОВИЧ inserted in table employees
[26.10.2011 12:29:32] Employee 8710 ВАСЮНИН АЛЕКСАНДР ВИКТОРОВИЧ inserted in table employees_history
[26.10.2011 12:29:32] Employee 8364 ВЕЛЬМАКИНА НАДЕЖДА НИКОЛАЕВНА inserted in table employees
[26.10.2011 12:29:32] Employee 8364 ВЕЛЬМАКИНА НАДЕЖДА НИКОЛАЕВНА inserted in table employees_history
[26.10.2011 12:29:32] Employee 8730 ВЕТРЯКОВ МАКСИМ ЮРЬЕВИЧ inserted in table employees
[26.10.2011 12:29:32] Employee 8730 ВЕТРЯКОВ МАКСИМ ЮРЬЕВИЧ inserted in table employees_history
[26.10.2011 12:29:32] Employee 8049 ВИЛЬДАНОВА АЛФИЕ ХАСЯНОВНА inserted in table employees
[26.10.2011 12:29:32] Employee 8049 ВИЛЬДАНОВА АЛФИЕ ХАСЯНОВНА inserted in table employees_history
[26.10.2011 12:29:32] Employee 8624 ВИХРОВА ОКСАНА АЛЕКСАНДРОВНА inserted in table employees
[26.10.2011 12:29:32] Employee 8624 ВИХРОВА ОКСАНА АЛЕКСАНДРОВНА inserted in table employees_history
[26.10.2011 12:29:32] Employee 7315 ВЛАДЫКИН АЛЕКСАНДР СТАНИСЛАВОВИЧ inserted in table employees
[26.10.2011 12:29:33] Employee 7315 ВЛАДЫКИН АЛЕКСАНДР СТАНИСЛАВОВИЧ inserted in table employees_history
[26.10.2011 12:29:33] Employee 7863 ВЛАСОВ ЕВГЕНИЙ АЛЕКСАНДРОВИЧ inserted in table employees
[26.10.2011 12:29:33] Employee 7863 ВЛАСОВ ЕВГЕНИЙ АЛЕКСАНДРОВИЧ inserted in table employees_history
[26.10.2011 12:29:33] Employee 5649 ВОЗНЯК АНДРЕЙ ЛЕОНИДОВИЧ inserted in table employees
[26.10.2011 12:29:33] Employee 5649 ВОЗНЯК АНДРЕЙ ЛЕОНИДОВИЧ inserted in table employees_history
[26.10.2011 12:29:33] Employee 8761 ВОЛКОВ АРТЕМ ВАЛЕРЬЕВИЧ inserted in table employees
[26.10.2011 12:29:33] Employee 8761 ВОЛКОВ АРТЕМ ВАЛЕРЬЕВИЧ inserted in table employees_history
[26.10.2011 12:29:33] Employee 8547 ВОЛКОВА НАДЕЖДА ВАЛЕРИЕВНА inserted in table employees
[26.10.2011 12:29:33] Employee 8547 ВОЛКОВА НАДЕЖДА ВАЛЕРИЕВНА inserted in table employees_history
[26.10.2011 12:29:33] Employee 8604 ВОЛКОВА ОЛЬГА ЕВГЕНЬЕВНА inserted in table employees
[26.10.2011 12:29:33] Employee 8604 ВОЛКОВА ОЛЬГА ЕВГЕНЬЕВНА inserted in table employees_history
[26.10.2011 12:29:33] Employee 7920 ВОЛОСКОВИЧ АЛЕКСЕЙ МИХАЙЛОВИЧ inserted in table employees
[26.10.2011 12:29:33] Employee 7920 ВОЛОСКОВИЧ АЛЕКСЕЙ МИХАЙЛОВИЧ inserted in table employees_history
[26.10.2011 12:29:33] Employee 7720 ВОРОНИНА ЛЮДМИЛА ЛЕОНИДОВНА inserted in table employees
[26.10.2011 12:29:33] Employee 7720 ВОРОНИНА ЛЮДМИЛА ЛЕОНИДОВНА inserted in table employees_history
[26.10.2011 12:29:33] Employee 8708 ВОРОНЦОВА ОЛЬГА ВЛАДИМИРОВНА inserted in table employees
[26.10.2011 12:29:33] Employee 8708 ВОРОНЦОВА ОЛЬГА ВЛАДИМИРОВНА inserted in table employees_history
[26.10.2011 12:29:33] Employee 8532 ВЯТКИНА АНАСТАСИЯ ВАЛЕРЬЕВНА inserted in table employees
[26.10.2011 12:29:33] Employee 8532 ВЯТКИНА АНАСТАСИЯ ВАЛЕРЬЕВНА inserted in table employees_history
[26.10.2011 12:29:33] Employee 5647 ГВОЗДЕВ ДМИТРИЙ ПЕТРОВИЧ inserted in table employees
[26.10.2011 12:29:33] Employee 5647 ГВОЗДЕВ ДМИТРИЙ ПЕТРОВИЧ inserted in table employees_history
[26.10.2011 12:29:33] Employee 8380 ГЛАГОЛЕВ ИЛЬЯ АЛЕКСАНДРОВИЧ inserted in table employees
[26.10.2011 12:29:33] Employee 8380 ГЛАГОЛЕВ ИЛЬЯ АЛЕКСАНДРОВИЧ inserted in table employees_history
[26.10.2011 12:29:33] Employee 8705 ГЛУШКОВ ИВАН ЕВГЕНЬЕВИЧ inserted in table employees
[26.10.2011 12:29:33] Employee 8705 ГЛУШКОВ ИВАН ЕВГЕНЬЕВИЧ inserted in table employees_history
[26.10.2011 12:29:33] Employee 8374 ГОВОРОВСКИЙ АЛЕКСЕЙ СЕРГЕЕВИЧ inserted in table employees
[26.10.2011 12:29:33] Employee 8374 ГОВОРОВСКИЙ АЛЕКСЕЙ СЕРГЕЕВИЧ inserted in table employees_history
[26.10.2011 12:29:33] Employee 7514 ГОЗАЛОВ СЕРГЕЙ НИКОЛАЕВИЧ inserted in table employees
[26.10.2011 12:29:33] Employee 7514 ГОЗАЛОВ СЕРГЕЙ НИКОЛАЕВИЧ inserted in table employees_history
[26.10.2011 12:29:33] Employee 7442 ГОЛОВИНА АННА НИКОЛАЕВНА inserted in table employees
[26.10.2011 12:29:33] Employee 7442 ГОЛОВИНА АННА НИКОЛАЕВНА inserted in table employees_history
[26.10.2011 12:29:33] Employee 8373 ГОЛОВЧЕНКО КОНСТАНТИН ВЛАДИМИРОВИЧ inserted in table employees
[26.10.2011 12:29:33] Employee 8373 ГОЛОВЧЕНКО КОНСТАНТИН ВЛАДИМИРОВИЧ inserted in table employees_history
[26.10.2011 12:29:33] Employee 8696 ГОЛУБЕВ АЛЕКСАНДР СЕРГЕЕВИЧ inserted in table employees
[26.10.2011 12:29:33] Employee 8696 ГОЛУБЕВ АЛЕКСАНДР СЕРГЕЕВИЧ inserted in table employees_history
[26.10.2011 12:29:33] Employee 8597 ГОЛЬЦЕВА ГУЛЬНАРА ИЛЬДАРОВНА inserted in table employees
[26.10.2011 12:29:33] Employee 8597 ГОЛЬЦЕВА ГУЛЬНАРА ИЛЬДАРОВНА inserted in table employees_history
[26.10.2011 12:29:33] Employee 945 ГОРБАТОВ ИГОРЬ ЕВГЕНЬЕВИЧ inserted in table employees
[26.10.2011 12:29:33] Employee 945 ГОРБАТОВ ИГОРЬ ЕВГЕНЬЕВИЧ inserted in table employees_history
[26.10.2011 12:29:33] Employee 946 ГОРДОН АРКАДИЙ ЛЬВОВИЧ inserted in table employees
[26.10.2011 12:29:33] Employee 946 ГОРДОН АРКАДИЙ ЛЬВОВИЧ inserted in table employees_history
[26.10.2011 12:29:33] Employee 8392 ГОРИНА ЕЛЕНА СЕРГЕЕВНА inserted in table employees
[26.10.2011 12:29:33] Employee 8392 ГОРИНА ЕЛЕНА СЕРГЕЕВНА inserted in table employees_history
[26.10.2011 12:29:33] Employee 1074 ГОРОДНИЧЕВ ИГОРЬ СЕРГЕЕВИЧ inserted in table employees
[26.10.2011 12:29:33] Employee 1074 ГОРОДНИЧЕВ ИГОРЬ СЕРГЕЕВИЧ inserted in table employees_history
[26.10.2011 12:29:33] Employee 8629 ГОРЯЧЕВА ОЛЬГА ИГОРЕВНА inserted in table employees
[26.10.2011 12:29:33] Employee 8629 ГОРЯЧЕВА ОЛЬГА ИГОРЕВНА inserted in table employees_history
[26.10.2011 12:29:33] Employee 8686 ГРЕХОВ ВЛАДИМИР ЛЕОНИДОВИЧ inserted in table employees
[26.10.2011 12:29:33] Employee 8686 ГРЕХОВ ВЛАДИМИР ЛЕОНИДОВИЧ inserted in table employees_history
[26.10.2011 12:29:33] Employee 8723 ГРИЦАЙ ГЕОРГИЙ АНАТОЛЬЕВИЧ inserted in table employees
[26.10.2011 12:29:33] Employee 8723 ГРИЦАЙ ГЕОРГИЙ АНАТОЛЬЕВИЧ inserted in table employees_history
[26.10.2011 12:29:33] Employee 8709 ГРИШИН РОМАН ВИКТОРОВИЧ inserted in table employees
[26.10.2011 12:29:33] Employee 8709 ГРИШИН РОМАН ВИКТОРОВИЧ inserted in table employees_history
[26.10.2011 12:29:33] Employee 1700 ГУСАКОВА ТАТЬЯНА ИВАНОВНА inserted in table employees
[26.10.2011 12:29:33] Employee 1700 ГУСАКОВА ТАТЬЯНА ИВАНОВНА inserted in table employees_history
[26.10.2011 12:29:33] Employee 8715 ДАВЫДОВ МАРК МИХАЙЛОВИЧ inserted in table employees
[26.10.2011 12:29:33] Employee 8715 ДАВЫДОВ МАРК МИХАЙЛОВИЧ inserted in table employees_history
[26.10.2011 12:29:33] Employee 8781 ДАВЫДОВА ЮЛИЯ СЕРГЕЕВНА inserted in table employees
[26.10.2011 12:29:33] Employee 8781 ДАВЫДОВА ЮЛИЯ СЕРГЕЕВНА inserted in table employees_history
[26.10.2011 12:29:33] Employee 8681 ДАНИЛЕВСКИЙ ВАДИМ ГЕННАДЬЕВИЧ inserted in table employees
[26.10.2011 12:29:33] Employee 8681 ДАНИЛЕВСКИЙ ВАДИМ ГЕННАДЬЕВИЧ inserted in table employees_history
[26.10.2011 12:29:33] Employee 8661 ДАНИЛОВ АРТЕМ ДМИТРИЕВИЧ inserted in table employees
[26.10.2011 12:29:33] Employee 8661 ДАНИЛОВ АРТЕМ ДМИТРИЕВИЧ inserted in table employees_history
[26.10.2011 12:29:33] Employee 8654 ДЕМЕНТЬЕВ АНДРЕЙ ВИКТОРОВИЧ inserted in table employees
[26.10.2011 12:29:33] Employee 8654 ДЕМЕНТЬЕВ АНДРЕЙ ВИКТОРОВИЧ inserted in table employees_history
[26.10.2011 12:29:33] Employee 8782 ДОБРОХВАЛОВ ДМИТРИЙ ВИКТОРОВИЧ inserted in table employees
[26.10.2011 12:29:33] Employee 8782 ДОБРОХВАЛОВ ДМИТРИЙ ВИКТОРОВИЧ inserted in table employees_history
[26.10.2011 12:29:33] Employee 8783 ДОМАНИНА НАТАЛЬЯ МИХАЙЛОВНА inserted in table employees
[26.10.2011 12:29:33] Employee 8783 ДОМАНИНА НАТАЛЬЯ МИХАЙЛОВНА inserted in table employees_history
[26.10.2011 12:29:33] Employee 6976 ДРАГАЛИН АЛЕКСЕЙ ИВАНОВИЧ inserted in table employees
[26.10.2011 12:29:33] Employee 6976 ДРАГАЛИН АЛЕКСЕЙ ИВАНОВИЧ inserted in table employees_history
[26.10.2011 12:29:33] Employee 7676 ДУТЫШЕВ ВЛАДИМИР ИВАНОВИЧ inserted in table employees
[26.10.2011 12:29:33] Employee 7676 ДУТЫШЕВ ВЛАДИМИР ИВАНОВИЧ inserted in table employees_history
[26.10.2011 12:29:33] Employee 8399 ЕВЧЕНКО НАТАЛЬЯ ВАСИЛЬЕВНА inserted in table employees
[26.10.2011 12:29:33] Employee 8399 ЕВЧЕНКО НАТАЛЬЯ ВАСИЛЬЕВНА inserted in table employees_history
[26.10.2011 12:29:33] Employee 8393 ЕРОФЕЕВ ИЛЬЯ ИВАНОВИЧ inserted in table employees
[26.10.2011 12:29:33] Employee 8393 ЕРОФЕЕВ ИЛЬЯ ИВАНОВИЧ inserted in table employees_history
[26.10.2011 12:29:33] Employee 7233 ЗАЙЦЕВ АЛЕКСЕЙ СЕРГЕЕВИЧ inserted in table employees
[26.10.2011 12:29:33] Employee 7233 ЗАЙЦЕВ АЛЕКСЕЙ СЕРГЕЕВИЧ inserted in table employees_history
[26.10.2011 12:29:33] Employee 8765 ЗАЙЦЕВ ВАДИМ ДМИТРИЕВИЧ inserted in table employees
[26.10.2011 12:29:33] Employee 8765 ЗАЙЦЕВ ВАДИМ ДМИТРИЕВИЧ inserted in table employees_history
[26.10.2011 12:29:33] Employee 8606 ЗВЕЗДИНА НАТАЛЬЯ ВАЛЕРЬЕВНА inserted in table employees
[26.10.2011 12:29:33] Employee 8606 ЗВЕЗДИНА НАТАЛЬЯ ВАЛЕРЬЕВНА inserted in table employees_history
[26.10.2011 12:29:33] Employee 8460 ЗЕЛИНСКИЙ АЛЕКСАНДР ВАЛЕРЬЕВИЧ inserted in table employees
[26.10.2011 12:29:33] Employee 8460 ЗЕЛИНСКИЙ АЛЕКСАНДР ВАЛЕРЬЕВИЧ inserted in table employees_history
[26.10.2011 12:29:33] Employee 8688 ЗЛОБИН ДМИТРИЙ ЛЕОНИДОВИЧ inserted in table employees
[26.10.2011 12:29:33] Employee 8688 ЗЛОБИН ДМИТРИЙ ЛЕОНИДОВИЧ inserted in table employees_history
[26.10.2011 12:29:33] Employee 8631 ЗЫРЕНКОВА РЕГИНА НИКОЛАЕВНА inserted in table employees
[26.10.2011 12:29:33] Employee 8631 ЗЫРЕНКОВА РЕГИНА НИКОЛАЕВНА inserted in table employees_history
[26.10.2011 12:29:33] Employee 8274 ИВАНОВ СЕРГЕЙ ВИКТОРОВИЧ inserted in table employees
[26.10.2011 12:29:33] Employee 8274 ИВАНОВ СЕРГЕЙ ВИКТОРОВИЧ inserted in table employees_history
[26.10.2011 12:29:33] Employee 8767 ИВАНОВА ТАТЬЯНА ЛЬВОВНА inserted in table employees
[26.10.2011 12:29:33] Employee 8767 ИВАНОВА ТАТЬЯНА ЛЬВОВНА inserted in table employees_history
[26.10.2011 12:29:33] Employee 8651 ИГИТЯН ТАЧАТ АМБАРЦУМОВИЧ inserted in table employees
[26.10.2011 12:29:33] Employee 8651 ИГИТЯН ТАЧАТ АМБАРЦУМОВИЧ inserted in table employees_history
[26.10.2011 12:29:33] Employee 8642 ИЛЬНИЦКИЙ ВЛАДИСЛАВ ВАЛЕНТИНОВИЧ inserted in table employees
[26.10.2011 12:29:33] Employee 8642 ИЛЬНИЦКИЙ ВЛАДИСЛАВ ВАЛЕНТИНОВИЧ inserted in table employees_history
[26.10.2011 12:29:33] Employee 6677 ИСМАИЛОВА МАРЬЯМ РАВИЛЬЕВНА inserted in table employees
[26.10.2011 12:29:33] Employee 6677 ИСМАИЛОВА МАРЬЯМ РАВИЛЬЕВНА inserted in table employees_history
[26.10.2011 12:29:33] Employee 8650 ИСРАЕЛЯН АРА СТАНИСЛАВОВИЧ inserted in table employees
[26.10.2011 12:29:33] Employee 8650 ИСРАЕЛЯН АРА СТАНИСЛАВОВИЧ inserted in table employees_history
[26.10.2011 12:29:33] Employee 8774 ИШИН АЛЕКСАНДР ГЕННАДЬЕВИЧ inserted in table employees
[26.10.2011 12:29:33] Employee 8774 ИШИН АЛЕКСАНДР ГЕННАДЬЕВИЧ inserted in table employees_history
[26.10.2011 12:29:33] Employee 8641 ИЩУН ГАЛИНА ВИКТОРОВНА inserted in table employees
[26.10.2011 12:29:33] Employee 8641 ИЩУН ГАЛИНА ВИКТОРОВНА inserted in table employees_history
[26.10.2011 12:29:33] Employee 8731 КАЙТАЗ АЛЕКСЕЙ АЛЕКСАНДРОВИЧ inserted in table employees
[26.10.2011 12:29:33] Employee 8731 КАЙТАЗ АЛЕКСЕЙ АЛЕКСАНДРОВИЧ inserted in table employees_history
[26.10.2011 12:29:33] Employee 8581 КАЛАШНИКОВА НАДЕЖДА ВИКТОРОВНА inserted in table employees
[26.10.2011 12:29:33] Employee 8581 КАЛАШНИКОВА НАДЕЖДА ВИКТОРОВНА inserted in table employees_history
[26.10.2011 12:29:33] Employee 8693 КАЛИНИН ОЛЕГ АЛЕКСАНДРОВИЧ inserted in table employees
[26.10.2011 12:29:33] Employee 8693 КАЛИНИН ОЛЕГ АЛЕКСАНДРОВИЧ inserted in table employees_history
[26.10.2011 12:29:33] Employee 8402 КАМЫШЕВА СВЕТЛАНА ИВАНОВНА inserted in table employees
[26.10.2011 12:29:33] Employee 8402 КАМЫШЕВА СВЕТЛАНА ИВАНОВНА inserted in table employees_history
[26.10.2011 12:29:33] Employee 1087 КАМЫШЕВА НАДЕЖДА СТАНИСЛАВОВНА inserted in table employees
[26.10.2011 12:29:33] Employee 1087 КАМЫШЕВА НАДЕЖДА СТАНИСЛАВОВНА inserted in table employees_history
[26.10.2011 12:29:33] Employee 8474 КАРЕЛОВА ЕЛЕНА ИВАНОВНА inserted in table employees
[26.10.2011 12:29:33] Employee 8474 КАРЕЛОВА ЕЛЕНА ИВАНОВНА inserted in table employees_history
[26.10.2011 12:29:33] Employee 1088 КАУШАНСКИЙ АЛЕКСАНДР ЯКОВЛЕВИЧ inserted in table employees
[26.10.2011 12:29:33] Employee 1088 КАУШАНСКИЙ АЛЕКСАНДР ЯКОВЛЕВИЧ inserted in table employees_history
[26.10.2011 12:29:33] Employee 8750 КВАРТАЛЬНОВ РОМАН ВЛАДИМИРОВИЧ inserted in table employees
[26.10.2011 12:29:33] Employee 8750 КВАРТАЛЬНОВ РОМАН ВЛАДИМИРОВИЧ inserted in table employees_history
[26.10.2011 12:29:33] Employee 8398 КЕДРОВ АНТОН ВЛАДИМИРОВИЧ inserted in table employees
[26.10.2011 12:29:33] Employee 8398 КЕДРОВ АНТОН ВЛАДИМИРОВИЧ inserted in table employees_history
[26.10.2011 12:29:33] Employee 8389 КИМ ЕЛЕНА ЮРЬЕВНА inserted in table employees
[26.10.2011 12:29:33] Employee 8389 КИМ ЕЛЕНА ЮРЬЕВНА inserted in table employees_history
[26.10.2011 12:29:33] Employee 7365 КИРЖАЦКАЯ ЕКАТЕРИНА РАДИЕВНА inserted in table employees
[26.10.2011 12:29:33] Employee 7365 КИРЖАЦКАЯ ЕКАТЕРИНА РАДИЕВНА inserted in table employees_history
[26.10.2011 12:29:33] Employee 8598 КЛИМАНОВ ЕВГЕНИЙ ИВАНОВИЧ inserted in table employees
[26.10.2011 12:29:33] Employee 8598 КЛИМАНОВ ЕВГЕНИЙ ИВАНОВИЧ inserted in table employees_history
[26.10.2011 12:29:33] Employee 8619 КОБАШОВА ЛЮДМИЛА АЛЕКСЕЕВНА inserted in table employees
[26.10.2011 12:29:33] Employee 8619 КОБАШОВА ЛЮДМИЛА АЛЕКСЕЕВНА inserted in table employees_history
[26.10.2011 12:29:33] Employee 8511 КОВАЛЬКОВ РОМАН АНДРЕЕВИЧ inserted in table employees
[26.10.2011 12:29:33] Employee 8511 КОВАЛЬКОВ РОМАН АНДРЕЕВИЧ inserted in table employees_history
[26.10.2011 12:29:33] Employee 8732 КОВТУНОВ СЕРГЕЙ НИКОЛАЕВИЧ inserted in table employees
[26.10.2011 12:29:33] Employee 8732 КОВТУНОВ СЕРГЕЙ НИКОЛАЕВИЧ inserted in table employees_history
[26.10.2011 12:29:33] Employee 8725 КОЗАК РОМАН СТАНИСЛАВОВИЧ inserted in table employees
[26.10.2011 12:29:33] Employee 8725 КОЗАК РОМАН СТАНИСЛАВОВИЧ inserted in table employees_history
[26.10.2011 12:29:33] Employee 8384 КОКОТКИН АЛЕКСАНДР АНДРЕЕВИЧ inserted in table employees
[26.10.2011 12:29:34] Employee 8384 КОКОТКИН АЛЕКСАНДР АНДРЕЕВИЧ inserted in table employees_history
[26.10.2011 12:29:34] Employee 6419 КОНДРАТОВ ОЛЕГ ВИТАЛЬЕВИЧ inserted in table employees
[26.10.2011 12:29:34] Employee 6419 КОНДРАТОВ ОЛЕГ ВИТАЛЬЕВИЧ inserted in table employees_history
[26.10.2011 12:29:34] Employee 8677 КОРОЛЕВ НИКОЛАЙ АЛЕКСАНДРОВИЧ inserted in table employees
[26.10.2011 12:29:34] Employee 8677 КОРОЛЕВ НИКОЛАЙ АЛЕКСАНДРОВИЧ inserted in table employees_history
[26.10.2011 12:29:34] Employee 8662 КОРОЛЕВА ОЛЬГА ВЛАДИМИРОВНА inserted in table employees
[26.10.2011 12:29:34] Employee 8662 КОРОЛЕВА ОЛЬГА ВЛАДИМИРОВНА inserted in table employees_history
[26.10.2011 12:29:34] Employee 8748 КОРОЛЬ АНТОНИНА ГРИГОРЬЕВНА inserted in table employees
[26.10.2011 12:29:34] Employee 8748 КОРОЛЬ АНТОНИНА ГРИГОРЬЕВНА inserted in table employees_history
[26.10.2011 12:29:34] Employee 8741 КОСОВ АНТОН ГРИГОРЬЕВИЧ inserted in table employees
[26.10.2011 12:29:34] Employee 8741 КОСОВ АНТОН ГРИГОРЬЕВИЧ inserted in table employees_history
[26.10.2011 12:29:34] Employee 5538 КОСТЯЕВ ОЛЕГ ОЛЕГОВИЧ inserted in table employees
[26.10.2011 12:29:34] Employee 5538 КОСТЯЕВ ОЛЕГ ОЛЕГОВИЧ inserted in table employees_history
[26.10.2011 12:29:34] Employee 7767 КОФЛЕР ОЛЬГА ДМИТРИЕВНА inserted in table employees
[26.10.2011 12:29:34] Employee 7767 КОФЛЕР ОЛЬГА ДМИТРИЕВНА inserted in table employees_history
[26.10.2011 12:29:34] Employee 8786 КОШЕЛЕВА ЕЛЕНА ВЛАДИМИРОВНА inserted in table employees
[26.10.2011 12:29:34] Employee 8786 КОШЕЛЕВА ЕЛЕНА ВЛАДИМИРОВНА inserted in table employees_history
[26.10.2011 12:29:34] Employee 978 КРАСНОПОЛИН АЛЕКСЕЙ ИГОРЕВИЧ inserted in table employees
[26.10.2011 12:29:34] Employee 978 КРАСНОПОЛИН АЛЕКСЕЙ ИГОРЕВИЧ inserted in table employees_history
[26.10.2011 12:29:34] Employee 6610 КРАСЮК ЛЮБОВЬ НИКОЛАЕВНА inserted in table employees
[26.10.2011 12:29:34] Employee 6610 КРАСЮК ЛЮБОВЬ НИКОЛАЕВНА inserted in table employees_history
[26.10.2011 12:29:34] Employee 8733 КРИВОБОРОДОВА ЕКАТЕРИНА ГЕОРГИЕВНА inserted in table employees
[26.10.2011 12:29:34] Employee 8733 КРИВОБОРОДОВА ЕКАТЕРИНА ГЕОРГИЕВНА inserted in table employees_history
[26.10.2011 12:29:34] Employee 6845 КРИЧУН АЛЕКСАНДР АЛЕКСАНДРОВИЧ inserted in table employees
[26.10.2011 12:29:34] Employee 6845 КРИЧУН АЛЕКСАНДР АЛЕКСАНДРОВИЧ inserted in table employees_history
[26.10.2011 12:29:34] Employee 979 КРУГЛЯКОВ РОМАН АЛЕКСАНДРОВИЧ inserted in table employees
[26.10.2011 12:29:34] Employee 979 КРУГЛЯКОВ РОМАН АЛЕКСАНДРОВИЧ inserted in table employees_history
[26.10.2011 12:29:34] Employee 6566 КУБАЙ ОЛЬГА СЕРГЕЕВНА inserted in table employees
[26.10.2011 12:29:34] Employee 6566 КУБАЙ ОЛЬГА СЕРГЕЕВНА inserted in table employees_history
[26.10.2011 12:29:34] Employee 5408 КУДРЯВЦЕВА ЕВГЕНИЯ РОДИОНОВНА inserted in table employees
[26.10.2011 12:29:34] Employee 5408 КУДРЯВЦЕВА ЕВГЕНИЯ РОДИОНОВНА inserted in table employees_history
[26.10.2011 12:29:34] Employee 8754 КУЗНЕЦОВ МАКСИМ ИГОРЕВИЧ inserted in table employees
[26.10.2011 12:29:34] Employee 8754 КУЗНЕЦОВ МАКСИМ ИГОРЕВИЧ inserted in table employees_history
[26.10.2011 12:29:34] Employee 7325 КУЗНЕЦОВ АЛЕКСАНДР БОРИСОВИЧ inserted in table employees
[26.10.2011 12:29:34] Employee 7325 КУЗНЕЦОВ АЛЕКСАНДР БОРИСОВИЧ inserted in table employees_history
[26.10.2011 12:29:34] Employee 8759 КУЗНЕЦОВА СВЕТЛАНА ВЯЧЕСЛАВОВНА inserted in table employees
[26.10.2011 12:29:34] Employee 8759 КУЗНЕЦОВА СВЕТЛАНА ВЯЧЕСЛАВОВНА inserted in table employees_history
[26.10.2011 12:29:34] Employee 8683 КУЗНЕЦОВА МАРИЯ НИКОЛАЕВНА inserted in table employees
[26.10.2011 12:29:34] Employee 8683 КУЗНЕЦОВА МАРИЯ НИКОЛАЕВНА inserted in table employees_history
[26.10.2011 12:29:34] Employee 982 КУЗОВКИН АЛЕКСЕЙ ВИКТОРОВИЧ inserted in table employees
[26.10.2011 12:29:34] Employee 982 КУЗОВКИН АЛЕКСЕЙ ВИКТОРОВИЧ inserted in table employees_history
[26.10.2011 12:29:34] Employee 8768 КУЗОВКИНА ЛАЙЛА АРСЕНОВНА inserted in table employees
[26.10.2011 12:29:34] Employee 8768 КУЗОВКИНА ЛАЙЛА АРСЕНОВНА inserted in table employees_history
[26.10.2011 12:29:34] Employee 8722 КУЗЬМИН СЕРГЕЙ МИХАЙЛОВИЧ inserted in table employees
[26.10.2011 12:29:34] Employee 8722 КУЗЬМИН СЕРГЕЙ МИХАЙЛОВИЧ inserted in table employees_history
[26.10.2011 12:29:34] Employee 8703 КУКСИН АЛЕКСЕЙ АНАТОЛЬЕВИЧ inserted in table employees
[26.10.2011 12:29:34] Employee 8703 КУКСИН АЛЕКСЕЙ АНАТОЛЬЕВИЧ inserted in table employees_history
[26.10.2011 12:29:34] Employee 8478 КУЛИКОВ ИЛЬЯ ВЛАДИМИРОВИЧ inserted in table employees
[26.10.2011 12:29:34] Employee 8478 КУЛИКОВ ИЛЬЯ ВЛАДИМИРОВИЧ inserted in table employees_history
[26.10.2011 12:29:34] Employee 4658 КУЛТАШЕВА ЕЛЕНА АЛЕКСАНДРОВНА inserted in table employees
[26.10.2011 12:29:34] Employee 4658 КУЛТАШЕВА ЕЛЕНА АЛЕКСАНДРОВНА inserted in table employees_history
[26.10.2011 12:29:34] Employee 8762 КУРЕНЕВ АРТЕМ ВИТАЛЬЕВИЧ inserted in table employees
[26.10.2011 12:29:34] Employee 8762 КУРЕНЕВ АРТЕМ ВИТАЛЬЕВИЧ inserted in table employees_history
[26.10.2011 12:29:34] Employee 8701 КУРСКИХ АЛЕКСАНДР ВАЛЕРИЕВИЧ inserted in table employees
[26.10.2011 12:29:34] Employee 8701 КУРСКИХ АЛЕКСАНДР ВАЛЕРИЕВИЧ inserted in table employees_history
[26.10.2011 12:29:34] Employee 8772 КУШАКОВА АННА МИХАЙЛОВНА inserted in table employees
[26.10.2011 12:29:34] Employee 8772 КУШАКОВА АННА МИХАЙЛОВНА inserted in table employees_history
[26.10.2011 12:29:34] Employee 8724 ЛАВРЕНОВА ТАТЬЯНА АНАТОЛЬЕВНА inserted in table employees
[26.10.2011 12:29:34] Employee 8724 ЛАВРЕНОВА ТАТЬЯНА АНАТОЛЬЕВНА inserted in table employees_history
[26.10.2011 12:29:34] Employee 8471 ЛАНТВОЙТ ОЛЕГ ВЛАДИМИРОВИЧ inserted in table employees
[26.10.2011 12:29:34] Employee 8471 ЛАНТВОЙТ ОЛЕГ ВЛАДИМИРОВИЧ inserted in table employees_history
[26.10.2011 12:29:34] Employee 8464 ЛЕБЕДЕВ ДМИТРИЙ АЛЕКСАНДРОВИЧ inserted in table employees
[26.10.2011 12:29:34] Employee 8464 ЛЕБЕДЕВ ДМИТРИЙ АЛЕКСАНДРОВИЧ inserted in table employees_history
[26.10.2011 12:29:34] Employee 8728 ЛЕОНОВ МИХАИЛ ИВАНОВИЧ inserted in table employees
[26.10.2011 12:29:34] Employee 8728 ЛЕОНОВ МИХАИЛ ИВАНОВИЧ inserted in table employees_history
[26.10.2011 12:29:34] Employee 8766 ЛИНЬКОВ ЮРИЙ ВАЛЕРЬЕВИЧ inserted in table employees
[26.10.2011 12:29:34] Employee 8766 ЛИНЬКОВ ЮРИЙ ВАЛЕРЬЕВИЧ inserted in table employees_history
[26.10.2011 12:29:34] Employee 8771 ЛИТВИНЕНКО СЕРГЕЙ ГЕОРГИЕВИЧ inserted in table employees
[26.10.2011 12:29:34] Employee 8771 ЛИТВИНЕНКО СЕРГЕЙ ГЕОРГИЕВИЧ inserted in table employees_history
[26.10.2011 12:29:34] Employee 8658 ЛОГИНОВ МАКСИМ ВИКТОРОВИЧ inserted in table employees
[26.10.2011 12:29:34] Employee 8658 ЛОГИНОВ МАКСИМ ВИКТОРОВИЧ inserted in table employees_history
[26.10.2011 12:29:34] Employee 8523 ЛОПУХИН КОНСТАНТИН ВИКТОРОВИЧ inserted in table employees
[26.10.2011 12:29:34] Employee 8523 ЛОПУХИН КОНСТАНТИН ВИКТОРОВИЧ inserted in table employees_history
[26.10.2011 12:29:34] Employee 8729 ЛУКЬЯНОВ АЛЕКСАНДР АНАТОЛЬЕВИЧ inserted in table employees
[26.10.2011 12:29:34] Employee 8729 ЛУКЬЯНОВ АЛЕКСАНДР АНАТОЛЬЕВИЧ inserted in table employees_history
[26.10.2011 12:29:34] Employee 8603 ЛУКЬЯНОВА МАРИЯ АЛЕКСАНДРОВНА inserted in table employees
[26.10.2011 12:29:34] Employee 8603 ЛУКЬЯНОВА МАРИЯ АЛЕКСАНДРОВНА inserted in table employees_history
[26.10.2011 12:29:34] Employee 8685 МАКАРОВА ОЛЬГА СТЕПАНОВНА inserted in table employees
[26.10.2011 12:29:34] Employee 8685 МАКАРОВА ОЛЬГА СТЕПАНОВНА inserted in table employees_history
[26.10.2011 12:29:34] Employee 8707 МАКШАНОВ ДМИТРИЙ ЯКОВЛЕВИЧ inserted in table employees
[26.10.2011 12:29:34] Employee 8707 МАКШАНОВ ДМИТРИЙ ЯКОВЛЕВИЧ inserted in table employees_history
[26.10.2011 12:29:34] Employee 8687 МАЛЫШЕВ РОМАН ГЕОРГИЕВИЧ inserted in table employees
[26.10.2011 12:29:34] Employee 8687 МАЛЫШЕВ РОМАН ГЕОРГИЕВИЧ inserted in table employees_history
[26.10.2011 12:29:34] Employee 8697 МАМЕТОВ МИХАИЛ МАНСУРОВИЧ inserted in table employees
[26.10.2011 12:29:34] Employee 8697 МАМЕТОВ МИХАИЛ МАНСУРОВИЧ inserted in table employees_history
[26.10.2011 12:29:34] Employee 8616 МАРКИН МАКСИМ ИГОРЕВИЧ inserted in table employees
[26.10.2011 12:29:34] Employee 8616 МАРКИН МАКСИМ ИГОРЕВИЧ inserted in table employees_history
[26.10.2011 12:29:34] Employee 8537 МАРТЫНОВА ГАЛИНА НИКОЛАЕВНА inserted in table employees
[26.10.2011 12:29:34] Employee 8537 МАРТЫНОВА ГАЛИНА НИКОЛАЕВНА inserted in table employees_history
[26.10.2011 12:29:34] Employee 8763 МАРТЫНОВСКАЯ НАТАЛЬЯ ВЛАДИМИРОВНА inserted in table employees
[26.10.2011 12:29:34] Employee 8763 МАРТЫНОВСКАЯ НАТАЛЬЯ ВЛАДИМИРОВНА inserted in table employees_history
[26.10.2011 12:29:34] Employee 8491 МАРУНИЧ ЛЮБОВЬ ГРИГОРЬЕВНА inserted in table employees
[26.10.2011 12:29:34] Employee 8491 МАРУНИЧ ЛЮБОВЬ ГРИГОРЬЕВНА inserted in table employees_history
[26.10.2011 12:29:34] Employee 995 МАСЛЕННИКОВ МИХАИЛ ИГОРЕВИЧ inserted in table employees
[26.10.2011 12:29:34] Employee 995 МАСЛЕННИКОВ МИХАИЛ ИГОРЕВИЧ inserted in table employees_history
[26.10.2011 12:29:34] Employee 8694 МАТВЕЕВ АЛЕКСЕЙ ЕВГЕНЬЕВИЧ inserted in table employees
[26.10.2011 12:29:34] Employee 8694 МАТВЕЕВ АЛЕКСЕЙ ЕВГЕНЬЕВИЧ inserted in table employees_history
[26.10.2011 12:29:34] Employee 997 МИЛОСЕРДОВА ЕКАТЕРИНА ГЕННАДЬЕВНА inserted in table employees
[26.10.2011 12:29:34] Employee 997 МИЛОСЕРДОВА ЕКАТЕРИНА ГЕННАДЬЕВНА inserted in table employees_history
[26.10.2011 12:29:34] Employee 8734 МИНАЕВ АЛЕКСЕЙ ГЕННАДЬЕВИЧ inserted in table employees
[26.10.2011 12:29:34] Employee 8734 МИНАЕВ АЛЕКСЕЙ ГЕННАДЬЕВИЧ inserted in table employees_history
[26.10.2011 12:29:34] Employee 1103 МИРАКОВ АЛЕКСАНДР ВЛАДИМИРОВИЧ inserted in table employees
[26.10.2011 12:29:34] Employee 1103 МИРАКОВ АЛЕКСАНДР ВЛАДИМИРОВИЧ inserted in table employees_history
[26.10.2011 12:29:34] Employee 8422 МИРЗОЕВА АНЖЕЛА МАМЕДОВНА inserted in table employees
[26.10.2011 12:29:34] Employee 8422 МИРЗОЕВА АНЖЕЛА МАМЕДОВНА inserted in table employees_history
[26.10.2011 12:29:34] Employee 1251 МИХАЙЛОВ АЛЕКСАНДР ОЛЕГОВИЧ inserted in table employees
[26.10.2011 12:29:34] Employee 1251 МИХАЙЛОВ АЛЕКСАНДР ОЛЕГОВИЧ inserted in table employees_history
[26.10.2011 12:29:34] Employee 8746 МОИСЕЕВ ВАСИЛИЙ БОРИСОВИЧ inserted in table employees
[26.10.2011 12:29:34] Employee 8746 МОИСЕЕВ ВАСИЛИЙ БОРИСОВИЧ inserted in table employees_history
[26.10.2011 12:29:34] Employee 1000 МОЛОДЦОВ МАКСИМ ПЕТРОВИЧ inserted in table employees
[26.10.2011 12:29:34] Employee 1000 МОЛОДЦОВ МАКСИМ ПЕТРОВИЧ inserted in table employees_history
[26.10.2011 12:29:34] Employee 8665 МОРЕЙРА ЕЛЕНА ВАЛЕНТИНОВНА inserted in table employees
[26.10.2011 12:29:34] Employee 8665 МОРЕЙРА ЕЛЕНА ВАЛЕНТИНОВНА inserted in table employees_history
[26.10.2011 12:29:34] Employee 8690 МОРОЗОВ АЛЕКСЕЙ ЮРЬЕВИЧ inserted in table employees
[26.10.2011 12:29:34] Employee 8690 МОРОЗОВ АЛЕКСЕЙ ЮРЬЕВИЧ inserted in table employees_history
[26.10.2011 12:29:34] Employee 8611 МОТОРИН ПАВЕЛ АНАТОЛЬЕВИЧ inserted in table employees
[26.10.2011 12:29:34] Employee 8611 МОТОРИН ПАВЕЛ АНАТОЛЬЕВИЧ inserted in table employees_history
[26.10.2011 12:29:34] Employee 8789 МОЧАЛИН АЛЕКСАНДР СЕРГЕЕВИЧ inserted in table employees
[26.10.2011 12:29:34] Employee 8789 МОЧАЛИН АЛЕКСАНДР СЕРГЕЕВИЧ inserted in table employees_history
[26.10.2011 12:29:34] Employee 8487 МУРАТОВА АННА СЕРГЕЕВНА inserted in table employees
[26.10.2011 12:29:34] Employee 8487 МУРАТОВА АННА СЕРГЕЕВНА inserted in table employees_history
[26.10.2011 12:29:34] Employee 8667 НАДТОЧИЙ ТАТЬЯНА ЮРЬЕВНА inserted in table employees
[26.10.2011 12:29:34] Employee 8667 НАДТОЧИЙ ТАТЬЯНА ЮРЬЕВНА inserted in table employees_history
[26.10.2011 12:29:34] Employee 8634 НАЗАРОВ АРТЕМ ВИКТОРОВИЧ inserted in table employees
[26.10.2011 12:29:34] Employee 8634 НАЗАРОВ АРТЕМ ВИКТОРОВИЧ inserted in table employees_history
[26.10.2011 12:29:34] Employee 1004 НАСОНОВ АНДРЕЙ ГЕННАДИЕВИЧ inserted in table employees
[26.10.2011 12:29:34] Employee 1004 НАСОНОВ АНДРЕЙ ГЕННАДИЕВИЧ inserted in table employees_history
[26.10.2011 12:29:34] Employee 8643 НАУМОВА ЕЛЕНА СЕРГЕЕВНА inserted in table employees
[26.10.2011 12:29:34] Employee 8643 НАУМОВА ЕЛЕНА СЕРГЕЕВНА inserted in table employees_history
[26.10.2011 12:29:34] Employee 7619 НЕВЛЮТОВ РЕНАТ РАВИЛЬЕВИЧ inserted in table employees
[26.10.2011 12:29:34] Employee 7619 НЕВЛЮТОВ РЕНАТ РАВИЛЬЕВИЧ inserted in table employees_history
[26.10.2011 12:29:34] Employee 8738 НЕСТЕРОВ АНДРЕЙ НИКОЛАЕВИЧ inserted in table employees
[26.10.2011 12:29:34] Employee 8738 НЕСТЕРОВ АНДРЕЙ НИКОЛАЕВИЧ inserted in table employees_history
[26.10.2011 12:29:34] Employee 8737 НЕСТЕРОВА ЮЛИЯ ВИКТОРОВНА inserted in table employees
[26.10.2011 12:29:34] Employee 8737 НЕСТЕРОВА ЮЛИЯ ВИКТОРОВНА inserted in table employees_history
[26.10.2011 12:29:34] Employee 1005 НЕСТЕРОВА ЮЛИЯ ВИКТОРОВНА inserted in table employees
[26.10.2011 12:29:34] Employee 1005 НЕСТЕРОВА ЮЛИЯ ВИКТОРОВНА inserted in table employees_history
[26.10.2011 12:29:34] Employee 8157 НИКИТИНА ЕЛЕНА МИХАЙЛОВНА inserted in table employees
[26.10.2011 12:29:34] Employee 8157 НИКИТИНА ЕЛЕНА МИХАЙЛОВНА inserted in table employees_history
[26.10.2011 12:29:34] Employee 6818 НОВОСЕЛОВА НАТАЛИЯ НИКОЛАЕВНА inserted in table employees
[26.10.2011 12:29:34] Employee 6818 НОВОСЕЛОВА НАТАЛИЯ НИКОЛАЕВНА inserted in table employees_history
[26.10.2011 12:29:34] Employee 8622 ОЗЕРНОЙ МАКСИМ ЮРЬЕВИЧ inserted in table employees
[26.10.2011 12:29:34] Employee 8622 ОЗЕРНОЙ МАКСИМ ЮРЬЕВИЧ inserted in table employees_history
[26.10.2011 12:29:34] Employee 8777 ОРЛОВ АРТЕМ ЕВГЕНЬЕВИЧ inserted in table employees
[26.10.2011 12:29:34] Employee 8777 ОРЛОВ АРТЕМ ЕВГЕНЬЕВИЧ inserted in table employees_history
[26.10.2011 12:29:35] Employee 8429 ОСЬМАК ГАЛИНА ВЛАДИМИРОВНА inserted in table employees
[26.10.2011 12:29:35] Employee 8429 ОСЬМАК ГАЛИНА ВЛАДИМИРОВНА inserted in table employees_history
[26.10.2011 12:29:35] Employee 5227 ОХАПКИН ВЛАДИМИР АНАТОЛЬЕВИЧ inserted in table employees
[26.10.2011 12:29:35] Employee 5227 ОХАПКИН ВЛАДИМИР АНАТОЛЬЕВИЧ inserted in table employees_history
[26.10.2011 12:29:35] Employee 7401 ОЧЕРТЯНОВА ЕКАТЕРИНА АЛЕКСАНДРОВНА inserted in table employees
[26.10.2011 12:29:35] Employee 7401 ОЧЕРТЯНОВА ЕКАТЕРИНА АЛЕКСАНДРОВНА inserted in table employees_history
[26.10.2011 12:29:35] Employee 8424 ПАВЛЕНКО ИГОРЬ МИХАЙЛОВИЧ inserted in table employees
[26.10.2011 12:29:35] Employee 8424 ПАВЛЕНКО ИГОРЬ МИХАЙЛОВИЧ inserted in table employees_history
[26.10.2011 12:29:35] Employee 1012 ПАВЛУШИНА НАТАЛЬЯ АЛЕКСАНДРОВНА inserted in table employees
[26.10.2011 12:29:35] Employee 1012 ПАВЛУШИНА НАТАЛЬЯ АЛЕКСАНДРОВНА inserted in table employees_history
[26.10.2011 12:29:35] Employee 8769 ПАНАРИН АЛЕКСАНДР СЕРГЕЕВИЧ inserted in table employees
[26.10.2011 12:29:35] Employee 8769 ПАНАРИН АЛЕКСАНДР СЕРГЕЕВИЧ inserted in table employees_history
[26.10.2011 12:29:35] Employee 8434 ПАНКОВ ВЯЧЕСЛАВ ЛЕОНИДОВИЧ inserted in table employees
[26.10.2011 12:29:35] Employee 8434 ПАНКОВ ВЯЧЕСЛАВ ЛЕОНИДОВИЧ inserted in table employees_history
[26.10.2011 12:29:35] Employee 8638 ПАНКРАТЬЕВ ЮРИЙ ВИКТОРОВИЧ inserted in table employees
[26.10.2011 12:29:35] Employee 8638 ПАНКРАТЬЕВ ЮРИЙ ВИКТОРОВИЧ inserted in table employees_history
[26.10.2011 12:29:35] Employee 8779 ПАНТЕЛЕЕВ ИЛЬЯ ВЛАДИМИРОВИЧ inserted in table employees
[26.10.2011 12:29:35] Employee 8779 ПАНТЕЛЕЕВ ИЛЬЯ ВЛАДИМИРОВИЧ inserted in table employees_history
[26.10.2011 12:29:35] Employee 8756 ПАНТЕЛЕЕВ АЛЕКСЕЙ СЕРГЕЕВИЧ inserted in table employees
[26.10.2011 12:29:35] Employee 8756 ПАНТЕЛЕЕВ АЛЕКСЕЙ СЕРГЕЕВИЧ inserted in table employees_history
[26.10.2011 12:29:35] Employee 6016 ПАЧАЙ АНДРЕЙ ВАДИМОВИЧ inserted in table employees
[26.10.2011 12:29:35] Employee 6016 ПАЧАЙ АНДРЕЙ ВАДИМОВИЧ inserted in table employees_history
[26.10.2011 12:29:35] Employee 8640 ПЕРЕЖИГИНА НАТАЛИЯ АЛЕКСАНДРОВНА inserted in table employees
[26.10.2011 12:29:35] Employee 8640 ПЕРЕЖИГИНА НАТАЛИЯ АЛЕКСАНДРОВНА inserted in table employees_history
[26.10.2011 12:29:35] Employee 5552 ПЕТИН ОЛЕГ СЕРГЕЕВИЧ inserted in table employees
[26.10.2011 12:29:35] Employee 5552 ПЕТИН ОЛЕГ СЕРГЕЕВИЧ inserted in table employees_history
[26.10.2011 12:29:35] Employee 8702 ПЕТРИКОВ АЛЕКСАНДР ВАСИЛЬЕВИЧ inserted in table employees
[26.10.2011 12:29:35] Employee 8702 ПЕТРИКОВ АЛЕКСАНДР ВАСИЛЬЕВИЧ inserted in table employees_history
[26.10.2011 12:29:35] Employee 8618 ПЕТРОВА МАРИЯ ВИТАЛЬЕВНА inserted in table employees
[26.10.2011 12:29:35] Employee 8618 ПЕТРОВА МАРИЯ ВИТАЛЬЕВНА inserted in table employees_history
[26.10.2011 12:29:35] Employee 8601 ПИЧУГИН ВЛАДИМИР СЕРГЕЕВИЧ inserted in table employees
[26.10.2011 12:29:35] Employee 8601 ПИЧУГИН ВЛАДИМИР СЕРГЕЕВИЧ inserted in table employees_history
[26.10.2011 12:29:35] Employee 1114 ПОДОБАЙЛО НИКОЛАЙ НИКОЛАЕВИЧ inserted in table employees
[26.10.2011 12:29:35] Employee 1114 ПОДОБАЙЛО НИКОЛАЙ НИКОЛАЕВИЧ inserted in table employees_history
[26.10.2011 12:29:35] Employee 8366 ПОЗДНЯКОВ СЕРГЕЙ ЕВГЕНЬЕВИЧ inserted in table employees
[26.10.2011 12:29:35] Employee 8366 ПОЗДНЯКОВ СЕРГЕЙ ЕВГЕНЬЕВИЧ inserted in table employees_history
[26.10.2011 12:29:35] Employee 8788 ПОЛОНСКИЙ МАКСИМ СЕРГЕЕВИЧ inserted in table employees
[26.10.2011 12:29:35] Employee 8788 ПОЛОНСКИЙ МАКСИМ СЕРГЕЕВИЧ inserted in table employees_history
[26.10.2011 12:29:35] Employee 918 ПОНОМАРЕВА РАИСА ПЕТРОВНА inserted in table employees
[26.10.2011 12:29:35] Employee 918 ПОНОМАРЕВА РАИСА ПЕТРОВНА inserted in table employees_history
[26.10.2011 12:29:35] Employee 8673 ПОТЕМИЧЕВ КОНСТАНТИН СЕРГЕЕВИЧ inserted in table employees
[26.10.2011 12:29:35] Employee 8673 ПОТЕМИЧЕВ КОНСТАНТИН СЕРГЕЕВИЧ inserted in table employees_history
[26.10.2011 12:29:35] Employee 7131 ПРОТАС ДМИТРИЙ ВЛАДИМИРОВИЧ inserted in table employees
[26.10.2011 12:29:35] Employee 7131 ПРОТАС ДМИТРИЙ ВЛАДИМИРОВИЧ inserted in table employees_history
[26.10.2011 12:29:35] Employee 8711 ПРОТОПОПОВ СЕРГЕЙ ВЛАДИМИРОВИЧ inserted in table employees
[26.10.2011 12:29:35] Employee 8711 ПРОТОПОПОВ СЕРГЕЙ ВЛАДИМИРОВИЧ inserted in table employees_history
[26.10.2011 12:29:35] Employee 4794 ПРУДИЛКО ЮРИЙ АНАТОЛЬЕВИЧ inserted in table employees
[26.10.2011 12:29:35] Employee 4794 ПРУДИЛКО ЮРИЙ АНАТОЛЬЕВИЧ inserted in table employees_history
[26.10.2011 12:29:35] Employee 8637 ПУГОВКИНА АЛЕНА СЕРГЕЕВНА inserted in table employees
[26.10.2011 12:29:35] Employee 8637 ПУГОВКИНА АЛЕНА СЕРГЕЕВНА inserted in table employees_history
[26.10.2011 12:29:35] Employee 8377 ПЫРЧЕНКО ЛАРИСА ПЕТРОВНА inserted in table employees
[26.10.2011 12:29:35] Employee 8377 ПЫРЧЕНКО ЛАРИСА ПЕТРОВНА inserted in table employees_history
[26.10.2011 12:29:35] Employee 8425 РАБОТИНСКИЙ НИКОЛАЙ АРКАДЬЕВИЧ inserted in table employees
[26.10.2011 12:29:35] Employee 8425 РАБОТИНСКИЙ НИКОЛАЙ АРКАДЬЕВИЧ inserted in table employees_history
[26.10.2011 12:29:35] Employee 8536 РЕЗЕПОВ МАКСИМ ВЛАДИМИРОВИЧ inserted in table employees
[26.10.2011 12:29:35] Employee 8536 РЕЗЕПОВ МАКСИМ ВЛАДИМИРОВИЧ inserted in table employees_history
[26.10.2011 12:29:35] Employee 6676 РЗЯНИН АЛЕКСЕЙ ВЛАДИМИРОВИЧ inserted in table employees
[26.10.2011 12:29:35] Employee 6676 РЗЯНИН АЛЕКСЕЙ ВЛАДИМИРОВИЧ inserted in table employees_history
[26.10.2011 12:29:35] Employee 919 РОЩИНА ОЛЬГА ПАВЛОВНА inserted in table employees
[26.10.2011 12:29:35] Employee 919 РОЩИНА ОЛЬГА ПАВЛОВНА inserted in table employees_history
[26.10.2011 12:29:35] Employee 8595 РУСАКОВ АЛЕКСАНДР ИВАНОВИЧ inserted in table employees
[26.10.2011 12:29:35] Employee 8595 РУСАКОВ АЛЕКСАНДР ИВАНОВИЧ inserted in table employees_history
[26.10.2011 12:29:35] Employee 7289 РЫЖКОВ ВЛАДИМИР ВЛАДИМИРОВИЧ inserted in table employees
[26.10.2011 12:29:35] Employee 7289 РЫЖКОВ ВЛАДИМИР ВЛАДИМИРОВИЧ inserted in table employees_history
[26.10.2011 12:29:35] Employee 8752 РЫЖКОВА ДАРЬЯ СТАНИСЛАВОВНА inserted in table employees
[26.10.2011 12:29:35] Employee 8752 РЫЖКОВА ДАРЬЯ СТАНИСЛАВОВНА inserted in table employees_history
[26.10.2011 12:29:35] Employee 8051 РЫМАР МАКСИМ АЛЕКСАНДРОВИЧ inserted in table employees
[26.10.2011 12:29:35] Employee 8051 РЫМАР МАКСИМ АЛЕКСАНДРОВИЧ inserted in table employees_history
[26.10.2011 12:29:35] Employee 8614 САВЕЛЬЕВ МАКСИМ ДМИТРИЕВИЧ inserted in table employees
[26.10.2011 12:29:35] Employee 8614 САВЕЛЬЕВ МАКСИМ ДМИТРИЕВИЧ inserted in table employees_history
[26.10.2011 12:29:35] Employee 1026 САВЧУК ИННА АЛЕКСАНДРОВНА inserted in table employees
[26.10.2011 12:29:35] Employee 1026 САВЧУК ИННА АЛЕКСАНДРОВНА inserted in table employees_history
[26.10.2011 12:29:35] Employee 8776 САЛАЕВА ЕВГЕНИЯ ВЛАДИМИРОВНА inserted in table employees
[26.10.2011 12:29:35] Employee 8776 САЛАЕВА ЕВГЕНИЯ ВЛАДИМИРОВНА inserted in table employees_history
[26.10.2011 12:29:35] Employee 8758 САЛТЫКОВА НАТАЛЬЯ АНАТОЛЬЕВНА inserted in table employees
[26.10.2011 12:29:35] Employee 8758 САЛТЫКОВА НАТАЛЬЯ АНАТОЛЬЕВНА inserted in table employees_history
[26.10.2011 12:29:35] Employee 6814 САМБУРОВА ВАЛЕНТИНА ЕГОРОВНА inserted in table employees
[26.10.2011 12:29:35] Employee 6814 САМБУРОВА ВАЛЕНТИНА ЕГОРОВНА inserted in table employees_history
[26.10.2011 12:29:35] Employee 5640 САМОЙЛОВ МИХАИЛ ЮРЬЕВИЧ inserted in table employees
[26.10.2011 12:29:35] Employee 5640 САМОЙЛОВ МИХАИЛ ЮРЬЕВИЧ inserted in table employees_history
[26.10.2011 12:29:35] Employee 8413 СЕВРЮК АЛЕКСАНДР ВЛАДИМИРОВИЧ inserted in table employees
[26.10.2011 12:29:35] Employee 8413 СЕВРЮК АЛЕКСАНДР ВЛАДИМИРОВИЧ inserted in table employees_history
[26.10.2011 12:29:35] Employee 8007 СЕЛЕЗНЕВА ВЕРА НИКОЛАЕВНА inserted in table employees
[26.10.2011 12:29:35] Employee 8007 СЕЛЕЗНЕВА ВЕРА НИКОЛАЕВНА inserted in table employees_history
[26.10.2011 12:29:35] Employee 8712 СЕМЕНОВ АНДРЕЙ ЭДУАРДОВИЧ inserted in table employees
[26.10.2011 12:29:35] Employee 8712 СЕМЕНОВ АНДРЕЙ ЭДУАРДОВИЧ inserted in table employees_history
[26.10.2011 12:29:35] Employee 8417 СЕМЕНОВ БОРИС ЛЕОНИДОВИЧ inserted in table employees
[26.10.2011 12:29:35] Employee 8417 СЕМЕНОВ БОРИС ЛЕОНИДОВИЧ inserted in table employees_history
[26.10.2011 12:29:35] Employee 920 СЕМЕНОВА ЕЛЕНА ГЕОРГИЕВНА inserted in table employees
[26.10.2011 12:29:35] Employee 920 СЕМЕНОВА ЕЛЕНА ГЕОРГИЕВНА inserted in table employees_history
[26.10.2011 12:29:35] Employee 8627 СЕРГЕЕВА ЮЛИЯ ВИКТОРОВНА inserted in table employees
[26.10.2011 12:29:35] Employee 8627 СЕРГЕЕВА ЮЛИЯ ВИКТОРОВНА inserted in table employees_history
[26.10.2011 12:29:35] Employee 8670 СЕРЕБРЕННИКОВ МИХАИЛ ВИКТОРОВИЧ inserted in table employees
[26.10.2011 12:29:35] Employee 8670 СЕРЕБРЕННИКОВ МИХАИЛ ВИКТОРОВИЧ inserted in table employees_history
[26.10.2011 12:29:35] Employee 6183 СИМОНОВ ЕВГЕНИЙ ЮРЬЕВИЧ inserted in table employees
[26.10.2011 12:29:35] Employee 6183 СИМОНОВ ЕВГЕНИЙ ЮРЬЕВИЧ inserted in table employees_history
[26.10.2011 12:29:35] Employee 5070 СИНЕЛЬНИКОВ НИКИТА ДМИТРИЕВИЧ inserted in table employees
[26.10.2011 12:29:35] Employee 5070 СИНЕЛЬНИКОВ НИКИТА ДМИТРИЕВИЧ inserted in table employees_history
[26.10.2011 12:29:35] Employee 8747 СКУТИН АЛЕКСЕЙ АЛЕКСАНДРОВИЧ inserted in table employees
[26.10.2011 12:29:35] Employee 8747 СКУТИН АЛЕКСЕЙ АЛЕКСАНДРОВИЧ inserted in table employees_history
[26.10.2011 12:29:35] Employee 5298 СЛОБОДЯНЮК ДМИТРИЙ ВАЛЕРЬЕВИЧ inserted in table employees
[26.10.2011 12:29:35] Employee 5298 СЛОБОДЯНЮК ДМИТРИЙ ВАЛЕРЬЕВИЧ inserted in table employees_history
[26.10.2011 12:29:35] Employee 8757 СМИРНОВ ДМИТРИЙ АЛЕКСАНДРОВИЧ inserted in table employees
[26.10.2011 12:29:35] Employee 8757 СМИРНОВ ДМИТРИЙ АЛЕКСАНДРОВИЧ inserted in table employees_history
[26.10.2011 12:29:35] Employee 8684 СОКОЛОВ АНДРЕЙ НИКОЛАЕВИЧ inserted in table employees
[26.10.2011 12:29:35] Employee 8684 СОКОЛОВ АНДРЕЙ НИКОЛАЕВИЧ inserted in table employees_history
[26.10.2011 12:29:35] Employee 8449 СОКОЛОВА ТАТЬЯНА ВЛАДИМИРОВНА inserted in table employees
[26.10.2011 12:29:35] Employee 8449 СОКОЛОВА ТАТЬЯНА ВЛАДИМИРОВНА inserted in table employees_history
[26.10.2011 12:29:35] Employee 7797 СОЛОВЬЕВ АЛЕКСЕЙ АЛЕКСАНДРОВИЧ inserted in table employees
[26.10.2011 12:29:35] Employee 7797 СОЛОВЬЕВ АЛЕКСЕЙ АЛЕКСАНДРОВИЧ inserted in table employees_history
[26.10.2011 12:29:35] Employee 8717 СОЛОМАТИНА ТАТЬЯНА ВЛАДИМИРОВНА inserted in table employees
[26.10.2011 12:29:35] Employee 8717 СОЛОМАТИНА ТАТЬЯНА ВЛАДИМИРОВНА inserted in table employees_history
[26.10.2011 12:29:35] Employee 8744 СПИРИНА ЛЮДМИЛА ПЕТРОВНА inserted in table employees
[26.10.2011 12:29:35] Employee 8744 СПИРИНА ЛЮДМИЛА ПЕТРОВНА inserted in table employees_history
[26.10.2011 12:29:35] Employee 8644 СТЕПАНОВ АНДРЕЙ АЛЕКСАНДРОВИЧ inserted in table employees
[26.10.2011 12:29:35] Employee 8644 СТЕПАНОВ АНДРЕЙ АЛЕКСАНДРОВИЧ inserted in table employees_history
[26.10.2011 12:29:35] Employee 8648 СТЕПАШКИНА ЕЛЕНА АНДРЕЕВНА inserted in table employees
[26.10.2011 12:29:35] Employee 8648 СТЕПАШКИНА ЕЛЕНА АНДРЕЕВНА inserted in table employees_history
[26.10.2011 12:29:35] Employee 8445 СТЁПИНА МАРИЯ МИХАЙЛОВНА inserted in table employees
[26.10.2011 12:29:35] Employee 8445 СТЁПИНА МАРИЯ МИХАЙЛОВНА inserted in table employees_history
[26.10.2011 12:29:35] Employee 8378 СТРЕЛАВИНА ЕКАТЕРИНА МИХАЙЛОВНА inserted in table employees
[26.10.2011 12:29:35] Employee 8378 СТРЕЛАВИНА ЕКАТЕРИНА МИХАЙЛОВНА inserted in table employees_history
[26.10.2011 12:29:35] Employee 8700 СУВОРОВ ИВАН ВАСИЛЬЕВИЧ inserted in table employees
[26.10.2011 12:29:35] Employee 8700 СУВОРОВ ИВАН ВАСИЛЬЕВИЧ inserted in table employees_history
[26.10.2011 12:29:35] Employee 8790 СУХИНИН ИЛЬЯ ВАЛЕНТИНОВИЧ inserted in table employees
[26.10.2011 12:29:35] Employee 8790 СУХИНИН ИЛЬЯ ВАЛЕНТИНОВИЧ inserted in table employees_history
[26.10.2011 12:29:35] Employee 8764 СУХОВ ЮРИЙ ВАЛЕРЬЕВИЧ inserted in table employees
[26.10.2011 12:29:35] Employee 8764 СУХОВ ЮРИЙ ВАЛЕРЬЕВИЧ inserted in table employees_history
[26.10.2011 12:29:35] Employee 6456 СЫТНИК АЛЕКСАНДР АЛЕКСАНДРОВИЧ inserted in table employees
[26.10.2011 12:29:35] Employee 6456 СЫТНИК АЛЕКСАНДР АЛЕКСАНДРОВИЧ inserted in table employees_history
[26.10.2011 12:29:35] Employee 4527 ТАРАСОВ АЛЕКСАНДР СЕРГЕЕВИЧ inserted in table employees
[26.10.2011 12:29:35] Employee 4527 ТАРАСОВ АЛЕКСАНДР СЕРГЕЕВИЧ inserted in table employees_history
[26.10.2011 12:29:35] Employee 8332 ТИРАНОВА ОЛЬГА СЕРГЕЕВНА inserted in table employees
[26.10.2011 12:29:35] Employee 8332 ТИРАНОВА ОЛЬГА СЕРГЕЕВНА inserted in table employees_history
[26.10.2011 12:29:35] Employee 8575 ТИТАРЕВ ДМИТРИЙ ЛЬВОВИЧ inserted in table employees
[26.10.2011 12:29:35] Employee 8575 ТИТАРЕВ ДМИТРИЙ ЛЬВОВИЧ inserted in table employees_history
[26.10.2011 12:29:35] Employee 4523 ТИТОВА ТАТЬЯНА ВЛАДИМИРОВНА inserted in table employees
[26.10.2011 12:29:35] Employee 4523 ТИТОВА ТАТЬЯНА ВЛАДИМИРОВНА inserted in table employees_history
[26.10.2011 12:29:35] Employee 8349 ТОКАРЕВ АЛЕКСАНДР ВАЛЕРЬЕВИЧ inserted in table employees
[26.10.2011 12:29:35] Employee 8349 ТОКАРЕВ АЛЕКСАНДР ВАЛЕРЬЕВИЧ inserted in table employees_history
[26.10.2011 12:29:35] Employee 8620 ТОЛСТЫХ ДЕНИС АЛЕКСАНДРОВИЧ inserted in table employees
[26.10.2011 12:29:35] Employee 8620 ТОЛСТЫХ ДЕНИС АЛЕКСАНДРОВИЧ inserted in table employees_history
[26.10.2011 12:29:35] Employee 8682 ТРИФОНОВА ЮЛИЯ ДМИТРИЕВНА inserted in table employees
[26.10.2011 12:29:35] Employee 8682 ТРИФОНОВА ЮЛИЯ ДМИТРИЕВНА inserted in table employees_history
[26.10.2011 12:29:35] Employee 8718 ТРУБ ИЛЬЯ ИОСИФОВИЧ inserted in table employees
[26.10.2011 12:29:35] Employee 8718 ТРУБ ИЛЬЯ ИОСИФОВИЧ inserted in table employees_history
[26.10.2011 12:29:35] Employee 8600 ТУКМАНОВ АНДРЕЙ АНДРЕЕВИЧ inserted in table employees
[26.10.2011 12:29:35] Employee 8600 ТУКМАНОВ АНДРЕЙ АНДРЕЕВИЧ inserted in table employees_history
[26.10.2011 12:29:35] Employee 7502 ТУР ЛАРИСА ВИКТОРОВНА inserted in table employees
[26.10.2011 12:29:35] Employee 7502 ТУР ЛАРИСА ВИКТОРОВНА inserted in table employees_history
[26.10.2011 12:29:36] Employee 8753 ТЮТЮКИН ВИКТОР ВИКТОРОВИЧ inserted in table employees
[26.10.2011 12:29:36] Employee 8753 ТЮТЮКИН ВИКТОР ВИКТОРОВИЧ inserted in table employees_history
[26.10.2011 12:29:36] Employee 8721 УБАЙДУЛЛАЕВ СЕРГЕЙ ДИЛШАДОВИЧ inserted in table employees
[26.10.2011 12:29:36] Employee 8721 УБАЙДУЛЛАЕВ СЕРГЕЙ ДИЛШАДОВИЧ inserted in table employees_history
[26.10.2011 12:29:36] Employee 7919 УСИК ВАЛЕНТИНА ВИКТОРОВНА inserted in table employees
[26.10.2011 12:29:36] Employee 7919 УСИК ВАЛЕНТИНА ВИКТОРОВНА inserted in table employees_history
[26.10.2011 12:29:36] Employee 1043 ФИСЕНКО АЛЕКСЕЙ ВЛАДИМИРОВИЧ inserted in table employees
[26.10.2011 12:29:36] Employee 1043 ФИСЕНКО АЛЕКСЕЙ ВЛАДИМИРОВИЧ inserted in table employees_history
[26.10.2011 12:29:36] Employee 8785 ФОМИЧЕВ МАКСИМ ЮРЬЕВИЧ inserted in table employees
[26.10.2011 12:29:36] Employee 8785 ФОМИЧЕВ МАКСИМ ЮРЬЕВИЧ inserted in table employees_history
[26.10.2011 12:29:36] Employee 8692 ФРИХ-ХАР ДМИТРИЙ ДМИТРИЕВИЧ inserted in table employees
[26.10.2011 12:29:36] Employee 8692 ФРИХ-ХАР ДМИТРИЙ ДМИТРИЕВИЧ inserted in table employees_history
[26.10.2011 12:29:36] Employee 8646 ХАДАКУЛИЕВА АННА АРСЕНОВНА inserted in table employees
[26.10.2011 12:29:36] Employee 8646 ХАДАКУЛИЕВА АННА АРСЕНОВНА inserted in table employees_history
[26.10.2011 12:29:36] Employee 7687 ХОЛОДИЙ ЕЛЕНА НИКОЛАЕВНА inserted in table employees
[26.10.2011 12:29:36] Employee 7687 ХОЛОДИЙ ЕЛЕНА НИКОЛАЕВНА inserted in table employees_history
[26.10.2011 12:29:36] Employee 8647 ХУСАИНОВ НАЗАР МЯХСУТОВИЧ inserted in table employees
[26.10.2011 12:29:36] Employee 8647 ХУСАИНОВ НАЗАР МЯХСУТОВИЧ inserted in table employees_history
[26.10.2011 12:29:36] Employee 7175 ЦУЛИН АЛЕКСАНДР ВАСИЛЬЕВИЧ inserted in table employees
[26.10.2011 12:29:36] Employee 7175 ЦУЛИН АЛЕКСАНДР ВАСИЛЬЕВИЧ inserted in table employees_history
[26.10.2011 12:29:36] Employee 8635 ЦЫКАЛО СЕРГЕЙ СЕРГЕЕВИЧ inserted in table employees
[26.10.2011 12:29:36] Employee 8635 ЦЫКАЛО СЕРГЕЙ СЕРГЕЕВИЧ inserted in table employees_history
[26.10.2011 12:29:36] Employee 7832 ЧАЙКОВСКАЯ СВЕТЛАНА ЛЕОНИДОВНА inserted in table employees
[26.10.2011 12:29:36] Employee 7832 ЧАЙКОВСКАЯ СВЕТЛАНА ЛЕОНИДОВНА inserted in table employees_history
[26.10.2011 12:29:36] Employee 8436 ЧАЛИН ИВАН ВИКТОРОВИЧ inserted in table employees
[26.10.2011 12:29:36] Employee 8436 ЧАЛИН ИВАН ВИКТОРОВИЧ inserted in table employees_history
[26.10.2011 12:29:36] Employee 8017 ЧАЛЫХ ДАРЬЯ ЮРЬЕВНА inserted in table employees
[26.10.2011 12:29:36] Employee 8017 ЧАЛЫХ ДАРЬЯ ЮРЬЕВНА inserted in table employees_history
[26.10.2011 12:29:36] Employee 8740 ЧЁРИКОВ НИКОЛАЙ ВЛАДИМИРОВИЧ inserted in table employees
[26.10.2011 12:29:36] Employee 8740 ЧЁРИКОВ НИКОЛАЙ ВЛАДИМИРОВИЧ inserted in table employees_history
[26.10.2011 12:29:36] Employee 8173 ЧЕРКАСОВ ИЛЬЯ ВЛАДИМИРОВИЧ inserted in table employees
[26.10.2011 12:29:36] Employee 8173 ЧЕРКАСОВ ИЛЬЯ ВЛАДИМИРОВИЧ inserted in table employees_history
[26.10.2011 12:29:36] Employee 8668 ЧЕРНЫХ АЛЕКСАНДР ВЛАДИМИРОВИЧ inserted in table employees
[26.10.2011 12:29:36] Employee 8668 ЧЕРНЫХ АЛЕКСАНДР ВЛАДИМИРОВИЧ inserted in table employees_history
[26.10.2011 12:29:36] Employee 8063 ЧЕРНЯВСКАЯ ЛЮДМИЛА ИВАНОВНА inserted in table employees
[26.10.2011 12:29:36] Employee 8063 ЧЕРНЯВСКАЯ ЛЮДМИЛА ИВАНОВНА inserted in table employees_history
[26.10.2011 12:29:36] Employee 8787 ЧИЖ АНДРЕЙ ВЛАДИМИРОВИЧ inserted in table employees
[26.10.2011 12:29:36] Employee 8787 ЧИЖ АНДРЕЙ ВЛАДИМИРОВИЧ inserted in table employees_history
[26.10.2011 12:29:36] Employee 8773 ЧИЛИКИН КИРИЛЛ АЛЕКСАНДРОВИЧ inserted in table employees
[26.10.2011 12:29:36] Employee 8773 ЧИЛИКИН КИРИЛЛ АЛЕКСАНДРОВИЧ inserted in table employees_history
[26.10.2011 12:29:36] Employee 1049 ЧИЧЕРИН ОЛЕГ НИКОЛАЕВИЧ inserted in table employees
[26.10.2011 12:29:36] Employee 1049 ЧИЧЕРИН ОЛЕГ НИКОЛАЕВИЧ inserted in table employees_history
[26.10.2011 12:29:36] Employee 8625 ЧУДНОВСКИЙ АНДРЕЙ ЮРЬЕВИЧ inserted in table employees
[26.10.2011 12:29:36] Employee 8625 ЧУДНОВСКИЙ АНДРЕЙ ЮРЬЕВИЧ inserted in table employees_history
[26.10.2011 12:29:36] Employee 8645 ЧУРМАСОВА ВИКТОРИЯ ОЛЕГОВНА inserted in table employees
[26.10.2011 12:29:36] Employee 8645 ЧУРМАСОВА ВИКТОРИЯ ОЛЕГОВНА inserted in table employees_history
[26.10.2011 12:29:36] Employee 1050 ЧУРСИН ДМИТРИЙ АЛЕКСАНДРОВИЧ inserted in table employees
[26.10.2011 12:29:36] Employee 1050 ЧУРСИН ДМИТРИЙ АЛЕКСАНДРОВИЧ inserted in table employees_history
[26.10.2011 12:29:36] Employee 8743 ШАМЫЧКОВА МАРИНА АЛЕКСАНДРОВНА inserted in table employees
[26.10.2011 12:29:36] Employee 8743 ШАМЫЧКОВА МАРИНА АЛЕКСАНДРОВНА inserted in table employees_history
[26.10.2011 12:29:36] Employee 8678 ШАУРО ЕВГЕНИЙ АНАТОЛЬЕВИЧ inserted in table employees
[26.10.2011 12:29:36] Employee 8678 ШАУРО ЕВГЕНИЙ АНАТОЛЬЕВИЧ inserted in table employees_history
[26.10.2011 12:29:36] Employee 8633 ШЕЛЕМИНА МАРИНА ВАДИМОВНА inserted in table employees
[26.10.2011 12:29:36] Employee 8633 ШЕЛЕМИНА МАРИНА ВАДИМОВНА inserted in table employees_history
[26.10.2011 12:29:36] Employee 1142 ШЕМЬИ-ЗАДЕ АБДУРАМАН АЙДЫНОВИЧ inserted in table employees
[26.10.2011 12:29:36] Employee 1142 ШЕМЬИ-ЗАДЕ АБДУРАМАН АЙДЫНОВИЧ inserted in table employees_history
[26.10.2011 12:29:36] Employee 8639 ШЕХОВЦОВ СЕМЕН ВИКТОРОВИЧ inserted in table employees
[26.10.2011 12:29:36] Employee 8639 ШЕХОВЦОВ СЕМЕН ВИКТОРОВИЧ inserted in table employees_history
[26.10.2011 12:29:36] Employee 1311 ШИЛЯЕВА НАТАЛЬЯ ДМИТРИЕВНА inserted in table employees
[26.10.2011 12:29:36] Employee 1311 ШИЛЯЕВА НАТАЛЬЯ ДМИТРИЕВНА inserted in table employees_history
[26.10.2011 12:29:36] Employee 8720 ШИРНИН АЛЕКСАНДР СЕРГЕЕВИЧ inserted in table employees
[26.10.2011 12:29:36] Employee 8720 ШИРНИН АЛЕКСАНДР СЕРГЕЕВИЧ inserted in table employees_history
[26.10.2011 12:29:36] Employee 1144 ШКАБЕРИН СЕРГЕЙ ИВАНОВИЧ inserted in table employees
[26.10.2011 12:29:36] Employee 1144 ШКАБЕРИН СЕРГЕЙ ИВАНОВИЧ inserted in table employees_history
[26.10.2011 12:29:36] Employee 5888 ШЛЯХОВАЯ ЕЛЕНА МИХАЙЛОВНА inserted in table employees
[26.10.2011 12:29:36] Employee 5888 ШЛЯХОВАЯ ЕЛЕНА МИХАЙЛОВНА inserted in table employees_history
[26.10.2011 12:29:36] Employee 7305 ШМОЙЛОВА МАРИЯ АНАТОЛЬЕВНА inserted in table employees
[26.10.2011 12:29:36] Employee 7305 ШМОЙЛОВА МАРИЯ АНАТОЛЬЕВНА inserted in table employees_history
[26.10.2011 12:29:36] Employee 8698 ШТЕФАН КОНСТАНТИН ЮРЬЕВИЧ inserted in table employees
[26.10.2011 12:29:36] Employee 8698 ШТЕФАН КОНСТАНТИН ЮРЬЕВИЧ inserted in table employees_history
[26.10.2011 12:29:36] Employee 8671 ЮСУПОВ КИРИЛЛ ИЛЬНУРОВИЧ inserted in table employees
[26.10.2011 12:29:36] Employee 8671 ЮСУПОВ КИРИЛЛ ИЛЬНУРОВИЧ inserted in table employees_history
[26.10.2011 12:29:36] Employee 8567 ЮХНОВИЧ ОЛЬГА ЛЕОНИДОВНА inserted in table employees
[26.10.2011 12:29:36] Employee 8567 ЮХНОВИЧ ОЛЬГА ЛЕОНИДОВНА inserted in table employees_history
[26.10.2011 12:29:36] Employee 8714 ЯБЛОНСКИХ АНДРЕЙ ВИКТОРОВИЧ inserted in table employees
[26.10.2011 12:29:36] Employee 8714 ЯБЛОНСКИХ АНДРЕЙ ВИКТОРОВИЧ inserted in table employees_history
[26.10.2011 12:29:36] Employee 8510 ЯКОВЛЕВ СЕРГЕЙ ВСЕВОЛОДОВИЧ inserted in table employees
[26.10.2011 12:29:36] Employee 8510 ЯКОВЛЕВ СЕРГЕЙ ВСЕВОЛОДОВИЧ inserted in table employees_history
[26.10.2011 12:29:36] In table employees inserted: 297 records, updated: 0 records.
[26.10.2011 12:29:36] Old records in table employees: 0. Total: 297 records.
[26.10.2011 12:29:36] In table employees_history inserted: 297 records, copied from table employees: 0 records.
