[26.10.2011 12:43:59] Found 20 employees in file ./employers_110701_0_0.xml
[26.10.2011 12:44:00] Employee 8736 БОЙКО АРТЕМ ОЛЕГОВИЧ updated in table employees
[26.10.2011 12:44:00] Employee 8736 БОЙКО АРТЕМ ОЛЕГОВИЧ inserted in table employees_history
[26.10.2011 12:44:00] Employee 7720 ВОРОНИНА ЛЮДМИЛА ЛЕОНИДОВНА updated in table employees
[26.10.2011 12:44:00] Employee 7720 ВОРОНИНА ЛЮДМИЛА ЛЕОНИДОВНА inserted in table employees_history
[26.10.2011 12:44:00] Employee 8373 ГОЛОВЧЕНКО КОНСТАНТИН ВЛАДИМИРОВИЧ updated in table employees
[26.10.2011 12:44:00] Employee 8373 ГОЛОВЧЕНКО КОНСТАНТИН ВЛАДИМИРОВИЧ inserted in table employees_history
[26.10.2011 12:44:01] Employee 1074 ГОРОДНИЧЕВ ИГОРЬ СЕРГЕЕВИЧ updated in table employees
[26.10.2011 12:44:01] Employee 1074 ГОРОДНИЧЕВ ИГОРЬ СЕРГЕЕВИЧ inserted in table employees_history
[26.10.2011 12:44:01] Employee 8654 ДЕМЕНТЬЕВ АНДРЕЙ ВИКТОРОВИЧ updated in table employees
[26.10.2011 12:44:01] Employee 8654 ДЕМЕНТЬЕВ АНДРЕЙ ВИКТОРОВИЧ inserted in table employees_history
[26.10.2011 12:44:01] Employee 7233 ЗАЙЦЕВ АЛЕКСЕЙ СЕРГЕЕВИЧ updated in table employees
[26.10.2011 12:44:01] Employee 7233 ЗАЙЦЕВ АЛЕКСЕЙ СЕРГЕЕВИЧ inserted in table employees_history
[26.10.2011 12:44:01] Employee 8642 ИЛЬНИЦКИЙ ВЛАДИСЛАВ ВАЛЕНТИНОВИЧ updated in table employees
[26.10.2011 12:44:01] Employee 8642 ИЛЬНИЦКИЙ ВЛАДИСЛАВ ВАЛЕНТИНОВИЧ inserted in table employees_history
[26.10.2011 12:44:01] Employee 8725 КОЗАК РОМАН СТАНИСЛАВОВИЧ updated in table employees
[26.10.2011 12:44:01] Employee 8725 КОЗАК РОМАН СТАНИСЛАВОВИЧ inserted in table employees_history
[26.10.2011 12:44:01] Employee 6610 КРАСЮК ЛЮБОВЬ НИКОЛАЕВНА updated in table employees
[26.10.2011 12:44:01] Employee 6610 КРАСЮК ЛЮБОВЬ НИКОЛАЕВНА inserted in table employees_history
[26.10.2011 12:44:02] Employee 1004 НАСОНОВ АНДРЕЙ ГЕННАДИЕВИЧ updated in table employees
[26.10.2011 12:44:02] Employee 1004 НАСОНОВ АНДРЕЙ ГЕННАДИЕВИЧ inserted in table employees_history
[26.10.2011 12:44:04] Employee 8800 КИЧИК ВАЛЕРИЙ ЕВГЕНЬЕВИЧ updated in table employees
[26.10.2011 12:44:04] Employee 8800 КИЧИК ВАЛЕРИЙ ЕВГЕНЬЕВИЧ inserted in table employees_history
[26.10.2011 12:44:04] Employee 8803 ЛУКИЯН ДМИТРИЙ СЕРГЕЕВИЧ updated in table employees
[26.10.2011 12:44:04] Employee 8803 ЛУКИЯН ДМИТРИЙ СЕРГЕЕВИЧ inserted in table employees_history
[26.10.2011 12:44:04] Employee 8806 МАЛЬЦЕВА АНАСТАСИЯ НИКОЛАЕВНА updated in table employees
[26.10.2011 12:44:04] Employee 8806 МАЛЬЦЕВА АНАСТАСИЯ НИКОЛАЕВНА inserted in table employees_history
[26.10.2011 12:44:04] Employee 8808 АЛЕКСЕЕВ НИКОЛАЙ ВАЛЕРЬЕВИЧ updated in table employees
[26.10.2011 12:44:04] Employee 8808 АЛЕКСЕЕВ НИКОЛАЙ ВАЛЕРЬЕВИЧ inserted in table employees_history
[26.10.2011 12:44:04] Employee 8809 САРКИСОВ АРТЕМ АВЕДИКОВИЧ updated in table employees
[26.10.2011 12:44:04] Employee 8809 САРКИСОВ АРТЕМ АВЕДИКОВИЧ inserted in table employees_history
[26.10.2011 12:44:04] Employee 8810 ЧЕРНОКУР АЛЕКСЕЙ АНДРЕЕВИЧ updated in table employees
[26.10.2011 12:44:04] Employee 8810 ЧЕРНОКУР АЛЕКСЕЙ АНДРЕЕВИЧ inserted in table employees_history
[26.10.2011 12:44:05] Employee 8842 БУЛГАКОВ АНДРЕЙ ИГОРЕВИЧ inserted in table employees
[26.10.2011 12:44:05] Employee 8842 БУЛГАКОВ АНДРЕЙ ИГОРЕВИЧ inserted in table employees_history
[26.10.2011 12:44:05] Employee 8841 КОСТРИКОВ ИЛЬЯ СЕРГЕЕВИЧ inserted in table employees
[26.10.2011 12:44:05] Employee 8841 КОСТРИКОВ ИЛЬЯ СЕРГЕЕВИЧ inserted in table employees_history
[26.10.2011 12:44:05] Employee 8840 ТЫЖНОВА ИРИНА ВИКТОРОВНА inserted in table employees
[26.10.2011 12:44:05] Employee 8840 ТЫЖНОВА ИРИНА ВИКТОРОВНА inserted in table employees_history
[26.10.2011 12:44:05] Employee 8843 ХРАПА АЛЕКСАНДР АНАТОЛЬЕВИЧ inserted in table employees
[26.10.2011 12:44:05] Employee 8843 ХРАПА АЛЕКСАНДР АНАТОЛЬЕВИЧ inserted in table employees_history
[26.10.2011 12:44:05] In table employees inserted: 4 records, updated: 16 records.
[26.10.2011 12:44:05] Old records in table employees: 329. Total: 349 records.
[26.10.2011 12:44:05] In table employees_history inserted: 20 records, copied from table employees: 329 records.
