[26.10.2011 12:50:00] Found 23 employees in file ./employers_110901_0_0.xml
[26.10.2011 12:50:00] Employee 6881 БАБЧЕНКО АНДРЕЙ АНАТОЛЬЕВИЧ updated in table employees
[26.10.2011 12:50:00] Employee 6881 БАБЧЕНКО АНДРЕЙ АНАТОЛЬЕВИЧ inserted in table employees_history
[26.10.2011 12:50:00] Employee 8742 БОБРОВА СВЕТЛАНА ВЛАДИМИРОВНА updated in table employees
[26.10.2011 12:50:00] Employee 8742 БОБРОВА СВЕТЛАНА ВЛАДИМИРОВНА inserted in table employees_history
[26.10.2011 12:50:00] Employee 8374 ГОВОРОВСКИЙ АЛЕКСЕЙ СЕРГЕЕВИЧ updated in table employees
[26.10.2011 12:50:00] Employee 8374 ГОВОРОВСКИЙ АЛЕКСЕЙ СЕРГЕЕВИЧ inserted in table employees_history
[26.10.2011 12:50:01] Employee 8723 ГРИЦАЙ ГЕОРГИЙ АНАТОЛЬЕВИЧ updated in table employees
[26.10.2011 12:50:01] Employee 8723 ГРИЦАЙ ГЕОРГИЙ АНАТОЛЬЕВИЧ inserted in table employees_history
[26.10.2011 12:50:02] Employee 8667 НАДТОЧИЙ ТАТЬЯНА ЮРЬЕВНА updated in table employees
[26.10.2011 12:50:02] Employee 8667 НАДТОЧИЙ ТАТЬЯНА ЮРЬЕВНА inserted in table employees_history
[26.10.2011 12:50:04] Employee 8332 ТИРАНОВА ОЛЬГА СЕРГЕЕВНА updated in table employees
[26.10.2011 12:50:04] Employee 8332 ТИРАНОВА ОЛЬГА СЕРГЕЕВНА inserted in table employees_history
[26.10.2011 12:50:04] Employee 8792 УРЕЦКИЙ АНАТОЛИЙ ЮРЬЕВИЧ updated in table employees
[26.10.2011 12:50:04] Employee 8792 УРЕЦКИЙ АНАТОЛИЙ ЮРЬЕВИЧ inserted in table employees_history
[26.10.2011 12:50:04] Employee 8807 КУЗЬМИНА ЛИДИЯ СЕРГЕЕВНА updated in table employees
[26.10.2011 12:50:04] Employee 8807 КУЗЬМИНА ЛИДИЯ СЕРГЕЕВНА inserted in table employees_history
[26.10.2011 12:50:04] Employee 8801 ГЛИНСКАЯ АНАСТАСИЯ ВЛАДИМИРОВНА updated in table employees
[26.10.2011 12:50:04] Employee 8801 ГЛИНСКАЯ АНАСТАСИЯ ВЛАДИМИРОВНА inserted in table employees_history
[26.10.2011 12:50:05] Employee 8809 САРКИСОВ АРТЕМ АВЕДИКОВИЧ updated in table employees
[26.10.2011 12:50:05] Employee 8809 САРКИСОВ АРТЕМ АВЕДИКОВИЧ inserted in table employees_history
[26.10.2011 12:50:05] Employee 8816 МАЛОВ ИЛЬЯ АЛЕКСАНДРОВИЧ updated in table employees
[26.10.2011 12:50:05] Employee 8816 МАЛОВ ИЛЬЯ АЛЕКСАНДРОВИЧ inserted in table employees_history
[26.10.2011 12:50:05] Employee 8823 КОРНИЛОВ ВИКТОР АЛЕКСАНДРОВИЧ updated in table employees
[26.10.2011 12:50:05] Employee 8823 КОРНИЛОВ ВИКТОР АЛЕКСАНДРОВИЧ inserted in table employees_history
[26.10.2011 12:50:05] Employee 8824 БОБОВ ПЕТР КИРИЛЛОВИЧ updated in table employees
[26.10.2011 12:50:05] Employee 8824 БОБОВ ПЕТР КИРИЛЛОВИЧ inserted in table employees_history
[26.10.2011 12:50:05] Employee 8826 ПЯТАЕВА МАРИЯ ВАСИЛЬЕВНА updated in table employees
[26.10.2011 12:50:05] Employee 8826 ПЯТАЕВА МАРИЯ ВАСИЛЬЕВНА inserted in table employees_history
[26.10.2011 12:50:05] Employee 8827 СОЛДАТОВ ЕВГЕНИЙ ВЛАДИМИРОВИЧ updated in table employees
[26.10.2011 12:50:05] Employee 8827 СОЛДАТОВ ЕВГЕНИЙ ВЛАДИМИРОВИЧ inserted in table employees_history
[26.10.2011 12:50:05] Employee 8845 КАЗАКОВА ВАСИЛИСА ГЕННАДЬЕВНА updated in table employees
[26.10.2011 12:50:05] Employee 8845 КАЗАКОВА ВАСИЛИСА ГЕННАДЬЕВНА inserted in table employees_history
[26.10.2011 12:50:05] Employee 8853 МАКЕЕВА ИРИНА АЛЕКСЕЕВНА updated in table employees
[26.10.2011 12:50:05] Employee 8853 МАКЕЕВА ИРИНА АЛЕКСЕЕВНА inserted in table employees_history
[26.10.2011 12:50:05] Employee 8867 КОНОРЕВ АНДРЕЙ КОНСТАНТИНОВИЧ updated in table employees
[26.10.2011 12:50:05] Employee 8867 КОНОРЕВ АНДРЕЙ КОНСТАНТИНОВИЧ inserted in table employees_history
[26.10.2011 12:50:06] Employee 8871 ХАИТ МАРИНА ЛЕОНИДОВНА updated in table employees
[26.10.2011 12:50:06] Employee 8871 ХАИТ МАРИНА ЛЕОНИДОВНА inserted in table employees_history
[26.10.2011 12:50:06] Employee 8872 БУЯНОВА ОЛЬГА АЛЕКСАНДРОВНА updated in table employees
[26.10.2011 12:50:06] Employee 8872 БУЯНОВА ОЛЬГА АЛЕКСАНДРОВНА inserted in table employees_history
[26.10.2011 12:50:06] Employee 8873 ВОЛКОВА НАТАЛЬЯ ВЛАДИМИРОВНА updated in table employees
[26.10.2011 12:50:06] Employee 8873 ВОЛКОВА НАТАЛЬЯ ВЛАДИМИРОВНА inserted in table employees_history
[26.10.2011 12:50:06] Employee 8883 ЗУБРЕЕВ АНТОН ЛЕОНИДОВИЧ updated in table employees
[26.10.2011 12:50:06] Employee 8883 ЗУБРЕЕВ АНТОН ЛЕОНИДОВИЧ inserted in table employees_history
[26.10.2011 12:50:06] Employee 8884 ПАРФЕНОВА ЮЛИЯ ВИТАЛЬЕВНА updated in table employees
[26.10.2011 12:50:06] Employee 8884 ПАРФЕНОВА ЮЛИЯ ВИТАЛЬЕВНА inserted in table employees_history
[26.10.2011 12:50:06] In table employees inserted: 0 records, updated: 23 records.
[26.10.2011 12:50:06] Old records in table employees: 366. Total: 389 records.
[26.10.2011 12:50:06] In table employees_history inserted: 23 records, copied from table employees: 366 records.
