[26.10.2011 12:46:58] Found 33 employees in file ./employers_110801_0_0.xml
[26.10.2011 12:46:58] Employee 7314 АФАНАСЬЕВА ЕЛИЗАВЕТА АНДРЕЕВНА updated in table employees
[26.10.2011 12:46:58] Employee 7314 АФАНАСЬЕВА ЕЛИЗАВЕТА АНДРЕЕВНА inserted in table employees_history
[26.10.2011 12:46:58] Employee 8592 БАРАБАШОВА КСЕНИЯ ДМИТРИЕВНА updated in table employees
[26.10.2011 12:46:58] Employee 8592 БАРАБАШОВА КСЕНИЯ ДМИТРИЕВНА inserted in table employees_history
[26.10.2011 12:46:58] Employee 8736 БОЙКО АРТЕМ ОЛЕГОВИЧ updated in table employees
[26.10.2011 12:46:58] Employee 8736 БОЙКО АРТЕМ ОЛЕГОВИЧ inserted in table employees_history
[26.10.2011 12:46:58] Employee 8669 БРОДЯНСКАЯ СВЕТЛАНА ЛЕОНТЬЕВНА updated in table employees
[26.10.2011 12:46:58] Employee 8669 БРОДЯНСКАЯ СВЕТЛАНА ЛЕОНТЬЕВНА inserted in table employees_history
[26.10.2011 12:46:58] Employee 8624 ВИХРОВА ОКСАНА АЛЕКСАНДРОВНА updated in table employees
[26.10.2011 12:46:58] Employee 8624 ВИХРОВА ОКСАНА АЛЕКСАНДРОВНА inserted in table employees_history
[26.10.2011 12:46:59] Employee 7233 ЗАЙЦЕВ АЛЕКСЕЙ СЕРГЕЕВИЧ updated in table employees
[26.10.2011 12:46:59] Employee 7233 ЗАЙЦЕВ АЛЕКСЕЙ СЕРГЕЕВИЧ inserted in table employees_history
[26.10.2011 12:46:59] Employee 8389 КИМ ЕЛЕНА ЮРЬЕВНА updated in table employees
[26.10.2011 12:46:59] Employee 8389 КИМ ЕЛЕНА ЮРЬЕВНА inserted in table employees_history
[26.10.2011 12:46:59] Employee 8677 КОРОЛЕВ НИКОЛАЙ АЛЕКСАНДРОВИЧ updated in table employees
[26.10.2011 12:46:59] Employee 8677 КОРОЛЕВ НИКОЛАЙ АЛЕКСАНДРОВИЧ inserted in table employees_history
[26.10.2011 12:47:00] Employee 7767 КОФЛЕР ОЛЬГА ДМИТРИЕВНА updated in table employees
[26.10.2011 12:47:00] Employee 7767 КОФЛЕР ОЛЬГА ДМИТРИЕВНА inserted in table employees_history
[26.10.2011 12:47:00] Employee 4658 КУЛТАШЕВА ЕЛЕНА АЛЕКСАНДРОВНА updated in table employees
[26.10.2011 12:47:00] Employee 4658 КУЛТАШЕВА ЕЛЕНА АЛЕКСАНДРОВНА inserted in table employees_history
[26.10.2011 12:47:00] Employee 8422 МИРЗОЕВА АНЖЕЛА МАМЕДОВНА updated in table employees
[26.10.2011 12:47:00] Employee 8422 МИРЗОЕВА АНЖЕЛА МАМЕДОВНА inserted in table employees_history
[26.10.2011 12:47:01] Employee 7401 ОЧЕРТЯНОВА ЕКАТЕРИНА АЛЕКСАНДРОВНА updated in table employees
[26.10.2011 12:47:01] Employee 7401 ОЧЕРТЯНОВА ЕКАТЕРИНА АЛЕКСАНДРОВНА inserted in table employees_history
[26.10.2011 12:47:01] Employee 8618 ПЕТРОВА МАРИЯ ВИТАЛЬЕВНА updated in table employees
[26.10.2011 12:47:01] Employee 8618 ПЕТРОВА МАРИЯ ВИТАЛЬЕВНА inserted in table employees_history
[26.10.2011 12:47:01] Employee 8377 ПЫРЧЕНКО ЛАРИСА ПЕТРОВНА updated in table employees
[26.10.2011 12:47:01] Employee 8377 ПЫРЧЕНКО ЛАРИСА ПЕТРОВНА inserted in table employees_history
[26.10.2011 12:47:01] Employee 8413 СЕВРЮК АЛЕКСАНДР ВЛАДИМИРОВИЧ updated in table employees
[26.10.2011 12:47:01] Employee 8413 СЕВРЮК АЛЕКСАНДР ВЛАДИМИРОВИЧ inserted in table employees_history
[26.10.2011 12:47:02] Employee 8753 ТЮТЮКИН ВИКТОР ВИКТОРОВИЧ updated in table employees
[26.10.2011 12:47:02] Employee 8753 ТЮТЮКИН ВИКТОР ВИКТОРОВИЧ inserted in table employees_history
[26.10.2011 12:47:02] Employee 8647 ХУСАИНОВ НАЗАР МЯХСУТОВИЧ updated in table employees
[26.10.2011 12:47:02] Employee 8647 ХУСАИНОВ НАЗАР МЯХСУТОВИЧ inserted in table employees_history
[26.10.2011 12:47:02] Employee 7832 ЧАЙКОВСКАЯ СВЕТЛАНА ЛЕОНИДОВНА updated in table employees
[26.10.2011 12:47:02] Employee 7832 ЧАЙКОВСКАЯ СВЕТЛАНА ЛЕОНИДОВНА inserted in table employees_history
[26.10.2011 12:47:02] Employee 8645 ЧУРМАСОВА ВИКТОРИЯ ОЛЕГОВНА updated in table employees
[26.10.2011 12:47:02] Employee 8645 ЧУРМАСОВА ВИКТОРИЯ ОЛЕГОВНА inserted in table employees_history
[26.10.2011 12:47:02] Employee 7305 ШМОЙЛОВА МАРИЯ АНАТОЛЬЕВНА updated in table employees
[26.10.2011 12:47:02] Employee 7305 ШМОЙЛОВА МАРИЯ АНАТОЛЬЕВНА inserted in table employees_history
[26.10.2011 12:47:02] Employee 8671 ЮСУПОВ КИРИЛЛ ИЛЬНУРОВИЧ updated in table employees
[26.10.2011 12:47:02] Employee 8671 ЮСУПОВ КИРИЛЛ ИЛЬНУРОВИЧ inserted in table employees_history
[26.10.2011 12:47:02] Employee 8567 ЮХНОВИЧ ОЛЬГА ЛЕОНИДОВНА updated in table employees
[26.10.2011 12:47:02] Employee 8567 ЮХНОВИЧ ОЛЬГА ЛЕОНИДОВНА inserted in table employees_history
[26.10.2011 12:47:03] Employee 8793 БУЛАХОВА ТАМАРА ИГОРЕВНА updated in table employees
[26.10.2011 12:47:03] Employee 8793 БУЛАХОВА ТАМАРА ИГОРЕВНА inserted in table employees_history
[26.10.2011 12:47:03] Employee 8794 ЮРКОВА АЛЕКСАНДРА ВАСИЛЬЕВНА updated in table employees
[26.10.2011 12:47:03] Employee 8794 ЮРКОВА АЛЕКСАНДРА ВАСИЛЬЕВНА inserted in table employees_history
[26.10.2011 12:47:03] Employee 8809 САРКИСОВ АРТЕМ АВЕДИКОВИЧ updated in table employees
[26.10.2011 12:47:03] Employee 8809 САРКИСОВ АРТЕМ АВЕДИКОВИЧ inserted in table employees_history
[26.10.2011 12:47:03] Employee 8818 ТЯПАЕВА ИРИНА ВИКТОРОВНА updated in table employees
[26.10.2011 12:47:03] Employee 8818 ТЯПАЕВА ИРИНА ВИКТОРОВНА inserted in table employees_history
[26.10.2011 12:47:03] Employee 8838 ТАШКИНОВА ТАТЬЯНА НИКОЛАЕВНА updated in table employees
[26.10.2011 12:47:03] Employee 8838 ТАШКИНОВА ТАТЬЯНА НИКОЛАЕВНА inserted in table employees_history
[26.10.2011 12:47:03] Employee 8845 КАЗАКОВА ВАСИЛИСА ГЕННАДЬЕВНА updated in table employees
[26.10.2011 12:47:03] Employee 8845 КАЗАКОВА ВАСИЛИСА ГЕННАДЬЕВНА inserted in table employees_history
[26.10.2011 12:47:03] Employee 8853 МАКЕЕВА ИРИНА АЛЕКСЕЕВНА updated in table employees
[26.10.2011 12:47:03] Employee 8853 МАКЕЕВА ИРИНА АЛЕКСЕЕВНА inserted in table employees_history
[26.10.2011 12:47:03] Employee 8856 ПРЫТКОВ АРКАДИЙ ДМИТРИЕВИЧ updated in table employees
[26.10.2011 12:47:04] Employee 8856 ПРЫТКОВ АРКАДИЙ ДМИТРИЕВИЧ inserted in table employees_history
[26.10.2011 12:47:04] Employee 8858 ЕЛИСЕЕВА ОЛЬГА АЛЕКСАНДРОВНА inserted in table employees
[26.10.2011 12:47:04] Employee 8858 ЕЛИСЕЕВА ОЛЬГА АЛЕКСАНДРОВНА inserted in table employees_history
[26.10.2011 12:47:04] Employee 8867 КОНОРЕВ АНДРЕЙ КОНСТАНТИНОВИЧ inserted in table employees
[26.10.2011 12:47:04] Employee 8867 КОНОРЕВ АНДРЕЙ КОНСТАНТИНОВИЧ inserted in table employees_history
[26.10.2011 12:47:04] Employee 8857 СОЛОМАТИНА МАРИЯ ВЯЧЕСЛАВОВНА inserted in table employees
[26.10.2011 12:47:04] Employee 8857 СОЛОМАТИНА МАРИЯ ВЯЧЕСЛАВОВНА inserted in table employees_history
[26.10.2011 12:47:04] In table employees inserted: 3 records, updated: 30 records.
[26.10.2011 12:47:04] Old records in table employees: 331. Total: 364 records.
[26.10.2011 12:47:04] In table employees_history inserted: 33 records, copied from table employees: 331 records.
