[26.10.2011 12:33:45] Found 32 employees in file ./employers_110301_0_0.xml
[26.10.2011 12:33:45] Employee 8784 АВЕРЬЯНОВА МАРИНА ВАДИМОВНА updated in table employees
[26.10.2011 12:33:45] Employee 8784 АВЕРЬЯНОВА МАРИНА ВАДИМОВНА inserted in table employees_history
[26.10.2011 12:33:46] Employee 8433 БОЙКО ВИТАЛИЙ ВИКТОРОВИЧ updated in table employees
[26.10.2011 12:33:46] Employee 8433 БОЙКО ВИТАЛИЙ ВИКТОРОВИЧ inserted in table employees_history
[26.10.2011 12:33:46] Employee 6900 БУРЫЛИН СЕРГЕЙ АНАТОЛЬЕВИЧ updated in table employees
[26.10.2011 12:33:46] Employee 6900 БУРЫЛИН СЕРГЕЙ АНАТОЛЬЕВИЧ inserted in table employees_history
[26.10.2011 12:33:46] Employee 7920 ВОЛОСКОВИЧ АЛЕКСЕЙ МИХАЙЛОВИЧ updated in table employees
[26.10.2011 12:33:46] Employee 7920 ВОЛОСКОВИЧ АЛЕКСЕЙ МИХАЙЛОВИЧ inserted in table employees_history
[26.10.2011 12:33:46] Employee 8696 ГОЛУБЕВ АЛЕКСАНДР СЕРГЕЕВИЧ updated in table employees
[26.10.2011 12:33:46] Employee 8696 ГОЛУБЕВ АЛЕКСАНДР СЕРГЕЕВИЧ inserted in table employees_history
[26.10.2011 12:33:46] Employee 8781 ДАВЫДОВА ЮЛИЯ СЕРГЕЕВНА updated in table employees
[26.10.2011 12:33:46] Employee 8781 ДАВЫДОВА ЮЛИЯ СЕРГЕЕВНА inserted in table employees_history
[26.10.2011 12:33:46] Employee 6976 ДРАГАЛИН АЛЕКСЕЙ ИВАНОВИЧ updated in table employees
[26.10.2011 12:33:46] Employee 6976 ДРАГАЛИН АЛЕКСЕЙ ИВАНОВИЧ inserted in table employees_history
[26.10.2011 12:33:47] Employee 8765 ЗАЙЦЕВ ВАДИМ ДМИТРИЕВИЧ updated in table employees
[26.10.2011 12:33:47] Employee 8765 ЗАЙЦЕВ ВАДИМ ДМИТРИЕВИЧ inserted in table employees_history
[26.10.2011 12:33:47] Employee 8642 ИЛЬНИЦКИЙ ВЛАДИСЛАВ ВАЛЕНТИНОВИЧ updated in table employees
[26.10.2011 12:33:47] Employee 8642 ИЛЬНИЦКИЙ ВЛАДИСЛАВ ВАЛЕНТИНОВИЧ inserted in table employees_history
[26.10.2011 12:33:47] Employee 8581 КАЛАШНИКОВА НАДЕЖДА ВИКТОРОВНА updated in table employees
[26.10.2011 12:33:47] Employee 8581 КАЛАШНИКОВА НАДЕЖДА ВИКТОРОВНА inserted in table employees_history
[26.10.2011 12:33:47] Employee 8398 КЕДРОВ АНТОН ВЛАДИМИРОВИЧ updated in table employees
[26.10.2011 12:33:47] Employee 8398 КЕДРОВ АНТОН ВЛАДИМИРОВИЧ inserted in table employees_history
[26.10.2011 12:33:47] Employee 6419 КОНДРАТОВ ОЛЕГ ВИТАЛЬЕВИЧ updated in table employees
[26.10.2011 12:33:47] Employee 6419 КОНДРАТОВ ОЛЕГ ВИТАЛЬЕВИЧ inserted in table employees_history
[26.10.2011 12:33:47] Employee 8748 КОРОЛЬ АНТОНИНА ГРИГОРЬЕВНА updated in table employees
[26.10.2011 12:33:47] Employee 8748 КОРОЛЬ АНТОНИНА ГРИГОРЬЕВНА inserted in table employees_history
[26.10.2011 12:33:48] Employee 995 МАСЛЕННИКОВ МИХАИЛ ИГОРЕВИЧ updated in table employees
[26.10.2011 12:33:48] Employee 995 МАСЛЕННИКОВ МИХАИЛ ИГОРЕВИЧ inserted in table employees_history
[26.10.2011 12:33:48] Employee 8611 МОТОРИН ПАВЕЛ АНАТОЛЬЕВИЧ updated in table employees
[26.10.2011 12:33:48] Employee 8611 МОТОРИН ПАВЕЛ АНАТОЛЬЕВИЧ inserted in table employees_history
[26.10.2011 12:33:48] Employee 8789 МОЧАЛИН АЛЕКСАНДР СЕРГЕЕВИЧ updated in table employees
[26.10.2011 12:33:48] Employee 8789 МОЧАЛИН АЛЕКСАНДР СЕРГЕЕВИЧ inserted in table employees_history
[26.10.2011 12:33:48] Employee 8487 МУРАТОВА АННА СЕРГЕЕВНА updated in table employees
[26.10.2011 12:33:48] Employee 8487 МУРАТОВА АННА СЕРГЕЕВНА inserted in table employees_history
[26.10.2011 12:33:48] Employee 8667 НАДТОЧИЙ ТАТЬЯНА ЮРЬЕВНА updated in table employees
[26.10.2011 12:33:48] Employee 8667 НАДТОЧИЙ ТАТЬЯНА ЮРЬЕВНА inserted in table employees_history
[26.10.2011 12:33:48] Employee 8777 ОРЛОВ АРТЕМ ЕВГЕНЬЕВИЧ updated in table employees
[26.10.2011 12:33:48] Employee 8777 ОРЛОВ АРТЕМ ЕВГЕНЬЕВИЧ inserted in table employees_history
[26.10.2011 12:33:48] Employee 8779 ПАНТЕЛЕЕВ ИЛЬЯ ВЛАДИМИРОВИЧ updated in table employees
[26.10.2011 12:33:48] Employee 8779 ПАНТЕЛЕЕВ ИЛЬЯ ВЛАДИМИРОВИЧ inserted in table employees_history
[26.10.2011 12:33:48] Employee 8776 САЛАЕВА ЕВГЕНИЯ ВЛАДИМИРОВНА updated in table employees
[26.10.2011 12:33:48] Employee 8776 САЛАЕВА ЕВГЕНИЯ ВЛАДИМИРОВНА inserted in table employees_history
[26.10.2011 12:33:49] Employee 8417 СЕМЕНОВ БОРИС ЛЕОНИДОВИЧ updated in table employees
[26.10.2011 12:33:49] Employee 8417 СЕМЕНОВ БОРИС ЛЕОНИДОВИЧ inserted in table employees_history
[26.10.2011 12:33:49] Employee 8644 СТЕПАНОВ АНДРЕЙ АЛЕКСАНДРОВИЧ updated in table employees
[26.10.2011 12:33:49] Employee 8644 СТЕПАНОВ АНДРЕЙ АЛЕКСАНДРОВИЧ inserted in table employees_history
[26.10.2011 12:33:49] Employee 8648 СТЕПАШКИНА ЕЛЕНА АНДРЕЕВНА updated in table employees
[26.10.2011 12:33:49] Employee 8648 СТЕПАШКИНА ЕЛЕНА АНДРЕЕВНА inserted in table employees_history
[26.10.2011 12:33:49] Employee 8620 ТОЛСТЫХ ДЕНИС АЛЕКСАНДРОВИЧ updated in table employees
[26.10.2011 12:33:49] Employee 8620 ТОЛСТЫХ ДЕНИС АЛЕКСАНДРОВИЧ inserted in table employees_history
[26.10.2011 12:33:49] Employee 8682 ТРИФОНОВА ЮЛИЯ ДМИТРИЕВНА updated in table employees
[26.10.2011 12:33:49] Employee 8682 ТРИФОНОВА ЮЛИЯ ДМИТРИЕВНА inserted in table employees_history
[26.10.2011 12:33:49] Employee 8753 ТЮТЮКИН ВИКТОР ВИКТОРОВИЧ updated in table employees
[26.10.2011 12:33:49] Employee 8753 ТЮТЮКИН ВИКТОР ВИКТОРОВИЧ inserted in table employees_history
[26.10.2011 12:33:49] Employee 8646 ХАДАКУЛИЕВА АННА АРСЕНОВНА updated in table employees
[26.10.2011 12:33:49] Employee 8646 ХАДАКУЛИЕВА АННА АРСЕНОВНА inserted in table employees_history
[26.10.2011 12:33:49] Employee 8668 ЧЕРНЫХ АЛЕКСАНДР ВЛАДИМИРОВИЧ updated in table employees
[26.10.2011 12:33:49] Employee 8668 ЧЕРНЫХ АЛЕКСАНДР ВЛАДИМИРОВИЧ inserted in table employees_history
[26.10.2011 12:33:50] Employee 8798 ТОЛПИН КИРИЛЛ АРКАДЬЕВИЧ updated in table employees
[26.10.2011 12:33:50] Employee 8798 ТОЛПИН КИРИЛЛ АРКАДЬЕВИЧ inserted in table employees_history
[26.10.2011 12:33:50] Employee 8800 КИЧИК ВАЛЕРИЙ ЕВГЕНЬЕВИЧ inserted in table employees
[26.10.2011 12:33:50] Employee 8800 КИЧИК ВАЛЕРИЙ ЕВГЕНЬЕВИЧ inserted in table employees_history
[26.10.2011 12:33:50] Employee 8807 КУЗЬМИНА ЛИДИЯ СЕРГЕЕВНА inserted in table employees
[26.10.2011 12:33:50] Employee 8807 КУЗЬМИНА ЛИДИЯ СЕРГЕЕВНА inserted in table employees_history
[26.10.2011 12:33:50] In table employees inserted: 2 records, updated: 30 records.
[26.10.2011 12:33:50] Old records in table employees: 276. Total: 308 records.
[26.10.2011 12:33:50] In table employees_history inserted: 32 records, copied from table employees: 276 records.
