[26.10.2011 13:01:25] Found 40 employees in file ./employers_111019_0_0.xml
[26.10.2011 13:01:25] Employee 8689 БАРБОЛИН ДМИТРИЙ НИКОЛАЕВИЧ updated in table employees
[26.10.2011 13:01:25] Employee 8689 БАРБОЛИН ДМИТРИЙ НИКОЛАЕВИЧ inserted in table employees_history
[26.10.2011 13:01:25] Employee 8742 БОБРОВА СВЕТЛАНА ВЛАДИМИРОВНА updated in table employees
[26.10.2011 13:01:25] Employee 8742 БОБРОВА СВЕТЛАНА ВЛАДИМИРОВНА inserted in table employees_history
[26.10.2011 13:01:26] Employee 8708 ВОРОНЦОВА ОЛЬГА ВЛАДИМИРОВНА updated in table employees
[26.10.2011 13:01:26] Employee 8708 ВОРОНЦОВА ОЛЬГА ВЛАДИМИРОВНА inserted in table employees_history
[26.10.2011 13:01:26] Employee 5647 ГВОЗДЕВ ДМИТРИЙ ПЕТРОВИЧ updated in table employees
[26.10.2011 13:01:26] Employee 5647 ГВОЗДЕВ ДМИТРИЙ ПЕТРОВИЧ inserted in table employees_history
[26.10.2011 13:01:26] Employee 946 ГОРДОН АРКАДИЙ ЛЬВОВИЧ updated in table employees
[26.10.2011 13:01:26] Employee 946 ГОРДОН АРКАДИЙ ЛЬВОВИЧ inserted in table employees_history
[26.10.2011 13:01:26] Employee 8686 ГРЕХОВ ВЛАДИМИР ЛЕОНИДОВИЧ updated in table employees
[26.10.2011 13:01:26] Employee 8686 ГРЕХОВ ВЛАДИМИР ЛЕОНИДОВИЧ inserted in table employees_history
[26.10.2011 13:01:26] Employee 8460 ЗЕЛИНСКИЙ АЛЕКСАНДР ВАЛЕРЬЕВИЧ updated in table employees
[26.10.2011 13:01:26] Employee 8460 ЗЕЛИНСКИЙ АЛЕКСАНДР ВАЛЕРЬЕВИЧ inserted in table employees_history
[26.10.2011 13:01:27] Employee 6419 КОНДРАТОВ ОЛЕГ ВИТАЛЬЕВИЧ updated in table employees
[26.10.2011 13:01:27] Employee 6419 КОНДРАТОВ ОЛЕГ ВИТАЛЬЕВИЧ inserted in table employees_history
[26.10.2011 13:01:27] Employee 6610 КРАСЮК ЛЮБОВЬ НИКОЛАЕВНА updated in table employees
[26.10.2011 13:01:27] Employee 6610 КРАСЮК ЛЮБОВЬ НИКОЛАЕВНА inserted in table employees_history
[26.10.2011 13:01:27] Employee 979 КРУГЛЯКОВ РОМАН АЛЕКСАНДРОВИЧ updated in table employees
[26.10.2011 13:01:27] Employee 979 КРУГЛЯКОВ РОМАН АЛЕКСАНДРОВИЧ inserted in table employees_history
[26.10.2011 13:01:27] Employee 8703 КУКСИН АЛЕКСЕЙ АНАТОЛЬЕВИЧ updated in table employees
[26.10.2011 13:01:27] Employee 8703 КУКСИН АЛЕКСЕЙ АНАТОЛЬЕВИЧ inserted in table employees_history
[26.10.2011 13:01:27] Employee 8762 КУРЕНЕВ АРТЕМ ВИТАЛЬЕВИЧ updated in table employees
[26.10.2011 13:01:27] Employee 8762 КУРЕНЕВ АРТЕМ ВИТАЛЬЕВИЧ inserted in table employees_history
[26.10.2011 13:01:27] Employee 995 МАСЛЕННИКОВ МИХАИЛ ИГОРЕВИЧ updated in table employees
[26.10.2011 13:01:27] Employee 995 МАСЛЕННИКОВ МИХАИЛ ИГОРЕВИЧ inserted in table employees_history
[26.10.2011 13:01:27] Employee 8694 МАТВЕЕВ АЛЕКСЕЙ ЕВГЕНЬЕВИЧ updated in table employees
[26.10.2011 13:01:27] Employee 8694 МАТВЕЕВ АЛЕКСЕЙ ЕВГЕНЬЕВИЧ inserted in table employees_history
[26.10.2011 13:01:27] Employee 1103 МИРАКОВ АЛЕКСАНДР ВЛАДИМИРОВИЧ updated in table employees
[26.10.2011 13:01:27] Employee 1103 МИРАКОВ АЛЕКСАНДР ВЛАДИМИРОВИЧ inserted in table employees_history
[26.10.2011 13:01:27] Employee 8690 МОРОЗОВ АЛЕКСЕЙ ЮРЬЕВИЧ updated in table employees
[26.10.2011 13:01:27] Employee 8690 МОРОЗОВ АЛЕКСЕЙ ЮРЬЕВИЧ inserted in table employees_history
[26.10.2011 13:01:27] Employee 8789 МОЧАЛИН АЛЕКСАНДР СЕРГЕЕВИЧ updated in table employees
[26.10.2011 13:01:27] Employee 8789 МОЧАЛИН АЛЕКСАНДР СЕРГЕЕВИЧ inserted in table employees_history
[26.10.2011 13:01:28] Employee 5552 ПЕТИН ОЛЕГ СЕРГЕЕВИЧ updated in table employees
[26.10.2011 13:01:28] Employee 5552 ПЕТИН ОЛЕГ СЕРГЕЕВИЧ inserted in table employees_history
[26.10.2011 13:01:28] Employee 8536 РЕЗЕПОВ МАКСИМ ВЛАДИМИРОВИЧ updated in table employees
[26.10.2011 13:01:28] Employee 8536 РЕЗЕПОВ МАКСИМ ВЛАДИМИРОВИЧ inserted in table employees_history
[26.10.2011 13:01:28] Employee 6676 РЗЯНИН АЛЕКСЕЙ ВЛАДИМИРОВИЧ updated in table employees
[26.10.2011 13:01:28] Employee 6676 РЗЯНИН АЛЕКСЕЙ ВЛАДИМИРОВИЧ inserted in table employees_history
[26.10.2011 13:01:28] Employee 8007 СЕЛЕЗНЕВА ВЕРА НИКОЛАЕВНА updated in table employees
[26.10.2011 13:01:28] Employee 8007 СЕЛЕЗНЕВА ВЕРА НИКОЛАЕВНА inserted in table employees_history
[26.10.2011 13:01:28] Employee 8449 СОКОЛОВА ТАТЬЯНА ВЛАДИМИРОВНА updated in table employees
[26.10.2011 13:01:28] Employee 8449 СОКОЛОВА ТАТЬЯНА ВЛАДИМИРОВНА inserted in table employees_history
[26.10.2011 13:01:28] Employee 8644 СТЕПАНОВ АНДРЕЙ АЛЕКСАНДРОВИЧ updated in table employees
[26.10.2011 13:01:28] Employee 8644 СТЕПАНОВ АНДРЕЙ АЛЕКСАНДРОВИЧ inserted in table employees_history
[26.10.2011 13:01:28] Employee 8790 СУХИНИН ИЛЬЯ ВАЛЕНТИНОВИЧ updated in table employees
[26.10.2011 13:01:28] Employee 8790 СУХИНИН ИЛЬЯ ВАЛЕНТИНОВИЧ inserted in table employees_history
[26.10.2011 13:01:29] Employee 8773 ЧИЛИКИН КИРИЛЛ АЛЕКСАНДРОВИЧ updated in table employees
[26.10.2011 13:01:29] Employee 8773 ЧИЛИКИН КИРИЛЛ АЛЕКСАНДРОВИЧ inserted in table employees_history
[26.10.2011 13:01:29] Employee 1050 ЧУРСИН ДМИТРИЙ АЛЕКСАНДРОВИЧ updated in table employees
[26.10.2011 13:01:29] Employee 1050 ЧУРСИН ДМИТРИЙ АЛЕКСАНДРОВИЧ inserted in table employees_history
[26.10.2011 13:01:29] Employee 5888 ШЛЯХОВАЯ ЕЛЕНА МИХАЙЛОВНА updated in table employees
[26.10.2011 13:01:29] Employee 5888 ШЛЯХОВАЯ ЕЛЕНА МИХАЙЛОВНА inserted in table employees_history
[26.10.2011 13:01:29] Employee 8807 КУЗЬМИНА ЛИДИЯ СЕРГЕЕВНА updated in table employees
[26.10.2011 13:01:29] Employee 8807 КУЗЬМИНА ЛИДИЯ СЕРГЕЕВНА inserted in table employees_history
[26.10.2011 13:01:30] Employee 8817 СМЯТКИН ДМИТРИЙ АЛЕКСАНДРОВИЧ updated in table employees
[26.10.2011 13:01:30] Employee 8817 СМЯТКИН ДМИТРИЙ АЛЕКСАНДРОВИЧ inserted in table employees_history
[26.10.2011 13:01:30] Employee 8827 СОЛДАТОВ ЕВГЕНИЙ ВЛАДИМИРОВИЧ updated in table employees
[26.10.2011 13:01:30] Employee 8827 СОЛДАТОВ ЕВГЕНИЙ ВЛАДИМИРОВИЧ inserted in table employees_history
[26.10.2011 13:01:30] Employee 8830 МАТВЕЕВА АННА ВЛАДИМИРОВНА updated in table employees
[26.10.2011 13:01:30] Employee 8830 МАТВЕЕВА АННА ВЛАДИМИРОВНА inserted in table employees_history
[26.10.2011 13:01:30] Employee 8834 ИВАНКОВА АНАСТАСИЯ ВИКТОРОВНА updated in table employees
[26.10.2011 13:01:30] Employee 8834 ИВАНКОВА АНАСТАСИЯ ВИКТОРОВНА inserted in table employees_history
[26.10.2011 13:01:30] Employee 8843 ХРАПА АЛЕКСАНДР АНАТОЛЬЕВИЧ updated in table employees
[26.10.2011 13:01:30] Employee 8843 ХРАПА АЛЕКСАНДР АНАТОЛЬЕВИЧ inserted in table employees_history
[26.10.2011 13:01:31] Employee 8862 КУРИЦЫН МИХАИЛ ВАСИЛЬЕВИЧ updated in table employees
[26.10.2011 13:01:31] Employee 8862 КУРИЦЫН МИХАИЛ ВАСИЛЬЕВИЧ inserted in table employees_history
[26.10.2011 13:01:31] Employee 8866 ПОМИЛУЙКО ДМИТРИЙ ЮРЬЕВИЧ updated in table employees
[26.10.2011 13:01:31] Employee 8866 ПОМИЛУЙКО ДМИТРИЙ ЮРЬЕВИЧ inserted in table employees_history
[26.10.2011 13:01:31] Employee 8872 БУЯНОВА ОЛЬГА АЛЕКСАНДРОВНА updated in table employees
[26.10.2011 13:01:31] Employee 8872 БУЯНОВА ОЛЬГА АЛЕКСАНДРОВНА inserted in table employees_history
[26.10.2011 13:01:31] Employee 8873 ВОЛКОВА НАТАЛЬЯ ВЛАДИМИРОВНА updated in table employees
[26.10.2011 13:01:31] Employee 8873 ВОЛКОВА НАТАЛЬЯ ВЛАДИМИРОВНА inserted in table employees_history
[26.10.2011 13:01:31] Employee 8885 УКОЛОВ ДМИТРИЙ ЮРЬЕВИЧ updated in table employees
[26.10.2011 13:01:31] Employee 8885 УКОЛОВ ДМИТРИЙ ЮРЬЕВИЧ inserted in table employees_history
[26.10.2011 13:01:31] Employee 8891 АЛАБЯН МАРИЯ АНДРЕЕВНА updated in table employees
[26.10.2011 13:01:31] Employee 8891 АЛАБЯН МАРИЯ АНДРЕЕВНА inserted in table employees_history
[26.10.2011 13:01:31] Employee 8901 ОСТРОУХОВ ЕВГЕНИЙ ВАЛЕРЬЕВИЧ updated in table employees
[26.10.2011 13:01:31] Employee 8901 ОСТРОУХОВ ЕВГЕНИЙ ВАЛЕРЬЕВИЧ inserted in table employees_history
[26.10.2011 13:01:31] In table employees inserted: 0 records, updated: 40 records.
[26.10.2011 13:01:31] Old records in table employees: 369. Total: 409 records.
[26.10.2011 13:01:31] In table employees_history inserted: 40 records, copied from table employees: 369 records.
