[26.10.2011 12:52:57] Found 39 employees in file ./employers_111001_0_0.xml
[26.10.2011 12:52:57] Employee 6881 БАБЧЕНКО АНДРЕЙ АНАТОЛЬЕВИЧ updated in table employees
[26.10.2011 12:52:57] Employee 6881 БАБЧЕНКО АНДРЕЙ АНАТОЛЬЕВИЧ inserted in table employees_history
[26.10.2011 12:52:57] Employee 8273 БУДКОВА АНАСТАСИЯ СЕРГЕЕВНА updated in table employees
[26.10.2011 12:52:57] Employee 8273 БУДКОВА АНАСТАСИЯ СЕРГЕЕВНА inserted in table employees_history
[26.10.2011 12:52:58] Employee 5649 ВОЗНЯК АНДРЕЙ ЛЕОНИДОВИЧ updated in table employees
[26.10.2011 12:52:58] Employee 5649 ВОЗНЯК АНДРЕЙ ЛЕОНИДОВИЧ inserted in table employees_history
[26.10.2011 12:52:58] Employee 8597 ГОЛЬЦЕВА ГУЛЬНАРА ИЛЬДАРОВНА updated in table employees
[26.10.2011 12:52:58] Employee 8597 ГОЛЬЦЕВА ГУЛЬНАРА ИЛЬДАРОВНА inserted in table employees_history
[26.10.2011 12:52:58] Employee 8723 ГРИЦАЙ ГЕОРГИЙ АНАТОЛЬЕВИЧ updated in table employees
[26.10.2011 12:52:58] Employee 8723 ГРИЦАЙ ГЕОРГИЙ АНАТОЛЬЕВИЧ inserted in table employees_history
[26.10.2011 12:52:58] Employee 8783 ДОМАНИНА НАТАЛЬЯ МИХАЙЛОВНА updated in table employees
[26.10.2011 12:52:58] Employee 8783 ДОМАНИНА НАТАЛЬЯ МИХАЙЛОВНА inserted in table employees_history
[26.10.2011 12:52:58] Employee 8631 ЗЫРЕНКОВА РЕГИНА НИКОЛАЕВНА updated in table employees
[26.10.2011 12:52:58] Employee 8631 ЗЫРЕНКОВА РЕГИНА НИКОЛАЕВНА inserted in table employees_history
[26.10.2011 12:52:58] Employee 8767 ИВАНОВА ТАТЬЯНА ЛЬВОВНА updated in table employees
[26.10.2011 12:52:58] Employee 8767 ИВАНОВА ТАТЬЯНА ЛЬВОВНА inserted in table employees_history
[26.10.2011 12:52:58] Employee 8641 ИЩУН ГАЛИНА ВИКТОРОВНА updated in table employees
[26.10.2011 12:52:58] Employee 8641 ИЩУН ГАЛИНА ВИКТОРОВНА inserted in table employees_history
[26.10.2011 12:52:58] Employee 8750 КВАРТАЛЬНОВ РОМАН ВЛАДИМИРОВИЧ updated in table employees
[26.10.2011 12:52:59] Employee 8750 КВАРТАЛЬНОВ РОМАН ВЛАДИМИРОВИЧ inserted in table employees_history
[26.10.2011 12:52:59] Employee 8766 ЛИНЬКОВ ЮРИЙ ВАЛЕРЬЕВИЧ updated in table employees
[26.10.2011 12:52:59] Employee 8766 ЛИНЬКОВ ЮРИЙ ВАЛЕРЬЕВИЧ inserted in table employees_history
[26.10.2011 12:52:59] Employee 8667 НАДТОЧИЙ ТАТЬЯНА ЮРЬЕВНА updated in table employees
[26.10.2011 12:53:00] Employee 8667 НАДТОЧИЙ ТАТЬЯНА ЮРЬЕВНА inserted in table employees_history
[26.10.2011 12:53:00] Employee 8756 ПАНТЕЛЕЕВ АЛЕКСЕЙ СЕРГЕЕВИЧ updated in table employees
[26.10.2011 12:53:00] Employee 8756 ПАНТЕЛЕЕВ АЛЕКСЕЙ СЕРГЕЕВИЧ inserted in table employees_history
[26.10.2011 12:53:00] Employee 8377 ПЫРЧЕНКО ЛАРИСА ПЕТРОВНА updated in table employees
[26.10.2011 12:53:00] Employee 8377 ПЫРЧЕНКО ЛАРИСА ПЕТРОВНА inserted in table employees_history
[26.10.2011 12:53:00] Employee 7797 СОЛОВЬЕВ АЛЕКСЕЙ АЛЕКСАНДРОВИЧ updated in table employees
[26.10.2011 12:53:00] Employee 7797 СОЛОВЬЕВ АЛЕКСЕЙ АЛЕКСАНДРОВИЧ inserted in table employees_history
[26.10.2011 12:53:01] Employee 8575 ТИТАРЕВ ДМИТРИЙ ЛЬВОВИЧ updated in table employees
[26.10.2011 12:53:01] Employee 8575 ТИТАРЕВ ДМИТРИЙ ЛЬВОВИЧ inserted in table employees_history
[26.10.2011 12:53:01] Employee 4523 ТИТОВА ТАТЬЯНА ВЛАДИМИРОВНА updated in table employees
[26.10.2011 12:53:01] Employee 4523 ТИТОВА ТАТЬЯНА ВЛАДИМИРОВНА inserted in table employees_history
[26.10.2011 12:53:01] Employee 7832 ЧАЙКОВСКАЯ СВЕТЛАНА ЛЕОНИДОВНА updated in table employees
[26.10.2011 12:53:01] Employee 7832 ЧАЙКОВСКАЯ СВЕТЛАНА ЛЕОНИДОВНА inserted in table employees_history
[26.10.2011 12:53:02] Employee 8822 ИРХИНА ОЛЬГА АНАТОЛЬЕВНА updated in table employees
[26.10.2011 12:53:02] Employee 8822 ИРХИНА ОЛЬГА АНАТОЛЬЕВНА inserted in table employees_history
[26.10.2011 12:53:02] Employee 8825 ВАХРОМЕЕВ ВИТАЛИЙ ВЛАДИМИРОВИЧ updated in table employees
[26.10.2011 12:53:02] Employee 8825 ВАХРОМЕЕВ ВИТАЛИЙ ВЛАДИМИРОВИЧ inserted in table employees_history
[26.10.2011 12:53:02] Employee 8837 КАЛЮЖНОВА СВЕТЛАНА ИВАНОВНА updated in table employees
[26.10.2011 12:53:02] Employee 8837 КАЛЮЖНОВА СВЕТЛАНА ИВАНОВНА inserted in table employees_history
[26.10.2011 12:53:02] Employee 8839 КМИТЮК АНДРЕЙ АЛЕКСАНДРОВИЧ updated in table employees
[26.10.2011 12:53:02] Employee 8839 КМИТЮК АНДРЕЙ АЛЕКСАНДРОВИЧ inserted in table employees_history
[26.10.2011 12:53:02] Employee 8870 ВАСИЛЬЕВА ЕКАТЕРИНА СЕРГЕЕВНА updated in table employees
[26.10.2011 12:53:02] Employee 8870 ВАСИЛЬЕВА ЕКАТЕРИНА СЕРГЕЕВНА inserted in table employees_history
[26.10.2011 12:53:02] Employee 8874 АЩЕУЛОВ ЕВГЕНИЙ СЕРГЕЕВИЧ updated in table employees
[26.10.2011 12:53:02] Employee 8874 АЩЕУЛОВ ЕВГЕНИЙ СЕРГЕЕВИЧ inserted in table employees_history
[26.10.2011 12:53:02] Employee 8875 БЕЛАВИН ВАЛЕРИЙ ВАЛЕРЬЕВИЧ updated in table employees
[26.10.2011 12:53:02] Employee 8875 БЕЛАВИН ВАЛЕРИЙ ВАЛЕРЬЕВИЧ inserted in table employees_history
[26.10.2011 12:53:03] Employee 8876 БОБОРЫКИН АЛЕКСЕЙ ИГОРЕВИЧ updated in table employees
[26.10.2011 12:53:03] Employee 8876 БОБОРЫКИН АЛЕКСЕЙ ИГОРЕВИЧ inserted in table employees_history
[26.10.2011 12:53:03] Employee 8877 ЗАЦЕПИН АЛЕКСАНДР ВЛАДИСЛАВОВИЧ updated in table employees
[26.10.2011 12:53:03] Employee 8877 ЗАЦЕПИН АЛЕКСАНДР ВЛАДИСЛАВОВИЧ inserted in table employees_history
[26.10.2011 12:53:03] Employee 8878 КИЩЕНКО ИВАН СЕРГЕЕВИЧ updated in table employees
[26.10.2011 12:53:03] Employee 8878 КИЩЕНКО ИВАН СЕРГЕЕВИЧ inserted in table employees_history
[26.10.2011 12:53:03] Employee 8879 ЛЕОНОВ ВЛАДИМИР НИКОЛАЕВИЧ updated in table employees
[26.10.2011 12:53:03] Employee 8879 ЛЕОНОВ ВЛАДИМИР НИКОЛАЕВИЧ inserted in table employees_history
[26.10.2011 12:53:03] Employee 8880 МЕШКОВ ВЯЧЕСЛАВ ВАСИЛЬЕВИЧ updated in table employees
[26.10.2011 12:53:03] Employee 8880 МЕШКОВ ВЯЧЕСЛАВ ВАСИЛЬЕВИЧ inserted in table employees_history
[26.10.2011 12:53:03] Employee 8881 МУКОВНИКОВ АНДРЕЙ СЕРГЕЕВИЧ updated in table employees
[26.10.2011 12:53:03] Employee 8881 МУКОВНИКОВ АНДРЕЙ СЕРГЕЕВИЧ inserted in table employees_history
[26.10.2011 12:53:03] Employee 8882 СТОЛЯРОВ СЕРГЕЙ ВАСИЛЬЕВИЧ updated in table employees
[26.10.2011 12:53:03] Employee 8882 СТОЛЯРОВ СЕРГЕЙ ВАСИЛЬЕВИЧ inserted in table employees_history
[26.10.2011 12:53:03] Employee 8889 КУШНИКОВ АЛЕКСАНДР АЛЕКСАНДРОВИЧ updated in table employees
[26.10.2011 12:53:03] Employee 8889 КУШНИКОВ АЛЕКСАНДР АЛЕКСАНДРОВИЧ inserted in table employees_history
[26.10.2011 12:53:03] Employee 8891 АЛАБЯН МАРИЯ АНДРЕЕВНА updated in table employees
[26.10.2011 12:53:03] Employee 8891 АЛАБЯН МАРИЯ АНДРЕЕВНА inserted in table employees_history
[26.10.2011 12:53:03] Employee 8890 ПЕТРОВА ОЛЬГА АЛЕКСАНДРОВНА updated in table employees
[26.10.2011 12:53:03] Employee 8890 ПЕТРОВА ОЛЬГА АЛЕКСАНДРОВНА inserted in table employees_history
[26.10.2011 12:53:03] Employee 8892 КУЛИКОВ ОЛЕГ ВАЛЕНТИНОВИЧ updated in table employees
[26.10.2011 12:53:03] Employee 8892 КУЛИКОВ ОЛЕГ ВАЛЕНТИНОВИЧ inserted in table employees_history
[26.10.2011 12:53:03] Employee 8893 СОЛОВЬЁВ ВЛАДИМИР АЛЕКСАНДРОВИЧ updated in table employees
[26.10.2011 12:53:03] Employee 8893 СОЛОВЬЁВ ВЛАДИМИР АЛЕКСАНДРОВИЧ inserted in table employees_history
[26.10.2011 12:53:03] Employee 8896 БОЛДЕЦОВ ДМИТРИЙ ВЯЧЕСЛАВОВИЧ updated in table employees
[26.10.2011 12:53:03] Employee 8896 БОЛДЕЦОВ ДМИТРИЙ ВЯЧЕСЛАВОВИЧ inserted in table employees_history
[26.10.2011 12:53:03] Employee 8895 КАЩЕЕВ АЛЕКСАНДР НИКОЛАЕВИЧ updated in table employees
[26.10.2011 12:53:03] Employee 8895 КАЩЕЕВ АЛЕКСАНДР НИКОЛАЕВИЧ inserted in table employees_history
[26.10.2011 12:53:03] In table employees inserted: 0 records, updated: 39 records.
[26.10.2011 12:53:03] Old records in table employees: 363. Total: 402 records.
[26.10.2011 12:53:03] In table employees_history inserted: 39 records, copied from table employees: 363 records.
