[26.10.2011 12:31:43] Found 20 employees in file ./employers_110201_0_0.xml
[26.10.2011 12:31:43] Employee 8760 БЛИНЧИКОВ АЛЕКСАНДР ЕВГЕНЬЕВИЧ updated in table employees
[26.10.2011 12:31:43] Employee 8760 БЛИНЧИКОВ АЛЕКСАНДР ЕВГЕНЬЕВИЧ inserted in table employees_history
[26.10.2011 12:31:43] Employee 8755 БЛОХИНА ДАРЬЯ ВЛАДИМИРОВНА updated in table employees
[26.10.2011 12:31:43] Employee 8755 БЛОХИНА ДАРЬЯ ВЛАДИМИРОВНА inserted in table employees_history
[26.10.2011 12:31:44] Employee 8460 ЗЕЛИНСКИЙ АЛЕКСАНДР ВАЛЕРЬЕВИЧ updated in table employees
[26.10.2011 12:31:44] Employee 8460 ЗЕЛИНСКИЙ АЛЕКСАНДР ВАЛЕРЬЕВИЧ inserted in table employees_history
[26.10.2011 12:31:45] Employee 6566 КУБАЙ ОЛЬГА СЕРГЕЕВНА updated in table employees
[26.10.2011 12:31:45] Employee 6566 КУБАЙ ОЛЬГА СЕРГЕЕВНА inserted in table employees_history
[26.10.2011 12:31:45] Employee 8478 КУЛИКОВ ИЛЬЯ ВЛАДИМИРОВИЧ updated in table employees
[26.10.2011 12:31:45] Employee 8478 КУЛИКОВ ИЛЬЯ ВЛАДИМИРОВИЧ inserted in table employees_history
[26.10.2011 12:31:45] Employee 8772 КУШАКОВА АННА МИХАЙЛОВНА updated in table employees
[26.10.2011 12:31:45] Employee 8772 КУШАКОВА АННА МИХАЙЛОВНА inserted in table employees_history
[26.10.2011 12:31:45] Employee 8687 МАЛЫШЕВ РОМАН ГЕОРГИЕВИЧ updated in table employees
[26.10.2011 12:31:45] Employee 8687 МАЛЫШЕВ РОМАН ГЕОРГИЕВИЧ inserted in table employees_history
[26.10.2011 12:31:45] Employee 8763 МАРТЫНОВСКАЯ НАТАЛЬЯ ВЛАДИМИРОВНА updated in table employees
[26.10.2011 12:31:45] Employee 8763 МАРТЫНОВСКАЯ НАТАЛЬЯ ВЛАДИМИРОВНА inserted in table employees_history
[26.10.2011 12:31:46] Employee 8769 ПАНАРИН АЛЕКСАНДР СЕРГЕЕВИЧ updated in table employees
[26.10.2011 12:31:46] Employee 8769 ПАНАРИН АЛЕКСАНДР СЕРГЕЕВИЧ inserted in table employees_history
[26.10.2011 12:31:47] Employee 8758 САЛТЫКОВА НАТАЛЬЯ АНАТОЛЬЕВНА updated in table employees
[26.10.2011 12:31:47] Employee 8758 САЛТЫКОВА НАТАЛЬЯ АНАТОЛЬЕВНА inserted in table employees_history
[26.10.2011 12:31:47] Employee 8757 СМИРНОВ ДМИТРИЙ АЛЕКСАНДРОВИЧ updated in table employees
[26.10.2011 12:31:47] Employee 8757 СМИРНОВ ДМИТРИЙ АЛЕКСАНДРОВИЧ inserted in table employees_history
[26.10.2011 12:31:47] Employee 8764 СУХОВ ЮРИЙ ВАЛЕРЬЕВИЧ updated in table employees
[26.10.2011 12:31:47] Employee 8764 СУХОВ ЮРИЙ ВАЛЕРЬЕВИЧ inserted in table employees_history
[26.10.2011 12:31:47] Employee 8753 ТЮТЮКИН ВИКТОР ВИКТОРОВИЧ updated in table employees
[26.10.2011 12:31:47] Employee 8753 ТЮТЮКИН ВИКТОР ВИКТОРОВИЧ inserted in table employees_history
[26.10.2011 12:31:47] Employee 8773 ЧИЛИКИН КИРИЛЛ АЛЕКСАНДРОВИЧ updated in table employees
[26.10.2011 12:31:47] Employee 8773 ЧИЛИКИН КИРИЛЛ АЛЕКСАНДРОВИЧ inserted in table employees_history
[26.10.2011 12:31:47] Employee 8743 ШАМЫЧКОВА МАРИНА АЛЕКСАНДРОВНА updated in table employees
[26.10.2011 12:31:47] Employee 8743 ШАМЫЧКОВА МАРИНА АЛЕКСАНДРОВНА inserted in table employees_history
[26.10.2011 12:31:47] Employee 8678 ШАУРО ЕВГЕНИЙ АНАТОЛЬЕВИЧ updated in table employees
[26.10.2011 12:31:47] Employee 8678 ШАУРО ЕВГЕНИЙ АНАТОЛЬЕВИЧ inserted in table employees_history
[26.10.2011 12:31:48] Employee 8793 БУЛАХОВА ТАМАРА ИГОРЕВНА updated in table employees
[26.10.2011 12:31:48] Employee 8793 БУЛАХОВА ТАМАРА ИГОРЕВНА inserted in table employees_history
[26.10.2011 12:31:48] Employee 8795 КОНОВАЛОВА ДАРЬЯ ВАЛЕРЬЯНОВНА inserted in table employees
[26.10.2011 12:31:48] Employee 8795 КОНОВАЛОВА ДАРЬЯ ВАЛЕРЬЯНОВНА inserted in table employees_history
[26.10.2011 12:31:48] Employee 8799 ОВЧИННИКОВ ОЛЕГ ВИТАЛЬЕВИЧ inserted in table employees
[26.10.2011 12:31:48] Employee 8799 ОВЧИННИКОВ ОЛЕГ ВИТАЛЬЕВИЧ inserted in table employees_history
[26.10.2011 12:31:48] Employee 8794 ЮРКОВА АЛЕКСАНДРА ВАСИЛЬЕВНА inserted in table employees
[26.10.2011 12:31:48] Employee 8794 ЮРКОВА АЛЕКСАНДРА ВАСИЛЬЕВНА inserted in table employees_history
[26.10.2011 12:31:48] In table employees inserted: 3 records, updated: 17 records.
[26.10.2011 12:31:48] Old records in table employees: 283. Total: 303 records.
[26.10.2011 12:31:48] In table employees_history inserted: 20 records, copied from table employees: 283 records.
