[26.10.2011 12:41:09] Found 11 employees in file ./employers_110601_0_0.xml
[26.10.2011 12:41:09] Employee 8755 БЛОХИНА ДАРЬЯ ВЛАДИМИРОВНА updated in table employees
[26.10.2011 12:41:09] Employee 8755 БЛОХИНА ДАРЬЯ ВЛАДИМИРОВНА inserted in table employees_history
[26.10.2011 12:41:09] Employee 8761 ВОЛКОВ АРТЕМ ВАЛЕРЬЕВИЧ updated in table employees
[26.10.2011 12:41:10] Employee 8761 ВОЛКОВ АРТЕМ ВАЛЕРЬЕВИЧ inserted in table employees_history
[26.10.2011 12:41:10] Employee 8532 ВЯТКИНА АНАСТАСИЯ ВАЛЕРЬЕВНА updated in table employees
[26.10.2011 12:41:10] Employee 8532 ВЯТКИНА АНАСТАСИЯ ВАЛЕРЬЕВНА inserted in table employees_history
[26.10.2011 12:41:10] Employee 8709 ГРИШИН РОМАН ВИКТОРОВИЧ updated in table employees
[26.10.2011 12:41:10] Employee 8709 ГРИШИН РОМАН ВИКТОРОВИЧ inserted in table employees_history
[26.10.2011 12:41:10] Employee 7233 ЗАЙЦЕВ АЛЕКСЕЙ СЕРГЕЕВИЧ updated in table employees
[26.10.2011 12:41:10] Employee 7233 ЗАЙЦЕВ АЛЕКСЕЙ СЕРГЕЕВИЧ inserted in table employees_history
[26.10.2011 12:41:11] Employee 8772 КУШАКОВА АННА МИХАЙЛОВНА updated in table employees
[26.10.2011 12:41:11] Employee 8772 КУШАКОВА АННА МИХАЙЛОВНА inserted in table employees_history
[26.10.2011 12:41:11] Employee 8471 ЛАНТВОЙТ ОЛЕГ ВЛАДИМИРОВИЧ updated in table employees
[26.10.2011 12:41:11] Employee 8471 ЛАНТВОЙТ ОЛЕГ ВЛАДИМИРОВИЧ inserted in table employees_history
[26.10.2011 12:41:14] Employee 8813 КИРИЛЫЧЕВ МАКСИМ ВАДИМОВИЧ updated in table employees
[26.10.2011 12:41:14] Employee 8813 КИРИЛЫЧЕВ МАКСИМ ВАДИМОВИЧ inserted in table employees_history
[26.10.2011 12:41:14] Employee 8827 СОЛДАТОВ ЕВГЕНИЙ ВЛАДИМИРОВИЧ updated in table employees
[26.10.2011 12:41:14] Employee 8827 СОЛДАТОВ ЕВГЕНИЙ ВЛАДИМИРОВИЧ inserted in table employees_history
[26.10.2011 12:41:14] Employee 8828 ЛАГУТИН АНДРЕЙ НИКОЛАЕВИЧ updated in table employees
[26.10.2011 12:41:14] Employee 8828 ЛАГУТИН АНДРЕЙ НИКОЛАЕВИЧ inserted in table employees_history
[26.10.2011 12:41:14] Employee 8829 БУРМИСТРОВ СЕРГЕЙ ЮРЬЕВИЧ inserted in table employees
[26.10.2011 12:41:14] Employee 8829 БУРМИСТРОВ СЕРГЕЙ ЮРЬЕВИЧ inserted in table employees_history
[26.10.2011 12:41:14] In table employees inserted: 1 records, updated: 10 records.
[26.10.2011 12:41:14] Old records in table employees: 324. Total: 335 records.
[26.10.2011 12:41:14] In table employees_history inserted: 11 records, copied from table employees: 324 records.
