[26.10.2011 12:36:04] Found 31 employees in file ./employers_110401_0_0.xml
[26.10.2011 12:36:04] Employee 7315 ВЛАДЫКИН АЛЕКСАНДР СТАНИСЛАВОВИЧ updated in table employees
[26.10.2011 12:36:04] Employee 7315 ВЛАДЫКИН АЛЕКСАНДР СТАНИСЛАВОВИЧ inserted in table employees_history
[26.10.2011 12:36:04] Employee 8547 ВОЛКОВА НАДЕЖДА ВАЛЕРИЕВНА updated in table employees
[26.10.2011 12:36:04] Employee 8547 ВОЛКОВА НАДЕЖДА ВАЛЕРИЕВНА inserted in table employees_history
[26.10.2011 12:36:04] Employee 8708 ВОРОНЦОВА ОЛЬГА ВЛАДИМИРОВНА updated in table employees
[26.10.2011 12:36:04] Employee 8708 ВОРОНЦОВА ОЛЬГА ВЛАДИМИРОВНА inserted in table employees_history
[26.10.2011 12:36:04] Employee 5647 ГВОЗДЕВ ДМИТРИЙ ПЕТРОВИЧ updated in table employees
[26.10.2011 12:36:04] Employee 5647 ГВОЗДЕВ ДМИТРИЙ ПЕТРОВИЧ inserted in table employees_history
[26.10.2011 12:36:05] Employee 8681 ДАНИЛЕВСКИЙ ВАДИМ ГЕННАДЬЕВИЧ updated in table employees
[26.10.2011 12:36:05] Employee 8681 ДАНИЛЕВСКИЙ ВАДИМ ГЕННАДЬЕВИЧ inserted in table employees_history
[26.10.2011 12:36:05] Employee 8654 ДЕМЕНТЬЕВ АНДРЕЙ ВИКТОРОВИЧ updated in table employees
[26.10.2011 12:36:05] Employee 8654 ДЕМЕНТЬЕВ АНДРЕЙ ВИКТОРОВИЧ inserted in table employees_history
[26.10.2011 12:36:05] Employee 6677 ИСМАИЛОВА МАРЬЯМ РАВИЛЬЕВНА updated in table employees
[26.10.2011 12:36:05] Employee 6677 ИСМАИЛОВА МАРЬЯМ РАВИЛЬЕВНА inserted in table employees_history
[26.10.2011 12:36:05] Employee 8384 КОКОТКИН АЛЕКСАНДР АНДРЕЕВИЧ updated in table employees
[26.10.2011 12:36:05] Employee 8384 КОКОТКИН АЛЕКСАНДР АНДРЕЕВИЧ inserted in table employees_history
[26.10.2011 12:36:05] Employee 8786 КОШЕЛЕВА ЕЛЕНА ВЛАДИМИРОВНА updated in table employees
[26.10.2011 12:36:05] Employee 8786 КОШЕЛЕВА ЕЛЕНА ВЛАДИМИРОВНА inserted in table employees_history
[26.10.2011 12:36:05] Employee 7325 КУЗНЕЦОВ АЛЕКСАНДР БОРИСОВИЧ updated in table employees
[26.10.2011 12:36:05] Employee 7325 КУЗНЕЦОВ АЛЕКСАНДР БОРИСОВИЧ inserted in table employees_history
[26.10.2011 12:36:06] Employee 8523 ЛОПУХИН КОНСТАНТИН ВИКТОРОВИЧ updated in table employees
[26.10.2011 12:36:06] Employee 8523 ЛОПУХИН КОНСТАНТИН ВИКТОРОВИЧ inserted in table employees_history
[26.10.2011 12:36:06] Employee 8603 ЛУКЬЯНОВА МАРИЯ АЛЕКСАНДРОВНА updated in table employees
[26.10.2011 12:36:06] Employee 8603 ЛУКЬЯНОВА МАРИЯ АЛЕКСАНДРОВНА inserted in table employees_history
[26.10.2011 12:36:06] Employee 995 МАСЛЕННИКОВ МИХАИЛ ИГОРЕВИЧ updated in table employees
[26.10.2011 12:36:06] Employee 995 МАСЛЕННИКОВ МИХАИЛ ИГОРЕВИЧ inserted in table employees_history
[26.10.2011 12:36:06] Employee 8618 ПЕТРОВА МАРИЯ ВИТАЛЬЕВНА updated in table employees
[26.10.2011 12:36:06] Employee 8618 ПЕТРОВА МАРИЯ ВИТАЛЬЕВНА inserted in table employees_history
[26.10.2011 12:36:06] Employee 918 ПОНОМАРЕВА РАИСА ПЕТРОВНА updated in table employees
[26.10.2011 12:36:06] Employee 918 ПОНОМАРЕВА РАИСА ПЕТРОВНА inserted in table employees_history
[26.10.2011 12:36:07] Employee 6676 РЗЯНИН АЛЕКСЕЙ ВЛАДИМИРОВИЧ updated in table employees
[26.10.2011 12:36:07] Employee 6676 РЗЯНИН АЛЕКСЕЙ ВЛАДИМИРОВИЧ inserted in table employees_history
[26.10.2011 12:36:07] Employee 919 РОЩИНА ОЛЬГА ПАВЛОВНА updated in table employees
[26.10.2011 12:36:07] Employee 919 РОЩИНА ОЛЬГА ПАВЛОВНА inserted in table employees_history
[26.10.2011 12:36:07] Employee 5640 САМОЙЛОВ МИХАИЛ ЮРЬЕВИЧ updated in table employees
[26.10.2011 12:36:07] Employee 5640 САМОЙЛОВ МИХАИЛ ЮРЬЕВИЧ inserted in table employees_history
[26.10.2011 12:36:07] Employee 8627 СЕРГЕЕВА ЮЛИЯ ВИКТОРОВНА updated in table employees
[26.10.2011 12:36:07] Employee 8627 СЕРГЕЕВА ЮЛИЯ ВИКТОРОВНА inserted in table employees_history
[26.10.2011 12:36:07] Employee 5298 СЛОБОДЯНЮК ДМИТРИЙ ВАЛЕРЬЕВИЧ updated in table employees
[26.10.2011 12:36:07] Employee 5298 СЛОБОДЯНЮК ДМИТРИЙ ВАЛЕРЬЕВИЧ inserted in table employees_history
[26.10.2011 12:36:07] Employee 8790 СУХИНИН ИЛЬЯ ВАЛЕНТИНОВИЧ updated in table employees
[26.10.2011 12:36:07] Employee 8790 СУХИНИН ИЛЬЯ ВАЛЕНТИНОВИЧ inserted in table employees_history
[26.10.2011 12:36:07] Employee 8785 ФОМИЧЕВ МАКСИМ ЮРЬЕВИЧ updated in table employees
[26.10.2011 12:36:07] Employee 8785 ФОМИЧЕВ МАКСИМ ЮРЬЕВИЧ inserted in table employees_history
[26.10.2011 12:36:08] Employee 1311 ШИЛЯЕВА НАТАЛЬЯ ДМИТРИЕВНА updated in table employees
[26.10.2011 12:36:08] Employee 1311 ШИЛЯЕВА НАТАЛЬЯ ДМИТРИЕВНА inserted in table employees_history
[26.10.2011 12:36:08] Employee 1144 ШКАБЕРИН СЕРГЕЙ ИВАНОВИЧ updated in table employees
[26.10.2011 12:36:08] Employee 1144 ШКАБЕРИН СЕРГЕЙ ИВАНОВИЧ inserted in table employees_history
[26.10.2011 12:36:08] Employee 8794 ЮРКОВА АЛЕКСАНДРА ВАСИЛЬЕВНА updated in table employees
[26.10.2011 12:36:08] Employee 8794 ЮРКОВА АЛЕКСАНДРА ВАСИЛЬЕВНА inserted in table employees_history
[26.10.2011 12:36:08] Employee 8809 САРКИСОВ АРТЕМ АВЕДИКОВИЧ updated in table employees
[26.10.2011 12:36:08] Employee 8809 САРКИСОВ АРТЕМ АВЕДИКОВИЧ inserted in table employees_history
[26.10.2011 12:36:08] Employee 8810 ЧЕРНОКУР АЛЕКСЕЙ АНДРЕЕВИЧ updated in table employees
[26.10.2011 12:36:08] Employee 8810 ЧЕРНОКУР АЛЕКСЕЙ АНДРЕЕВИЧ inserted in table employees_history
[26.10.2011 12:36:08] Employee 8819 АРХИПОВ СЕРГЕЙ НИКОЛАЕВИЧ inserted in table employees
[26.10.2011 12:36:08] Employee 8819 АРХИПОВ СЕРГЕЙ НИКОЛАЕВИЧ inserted in table employees_history
[26.10.2011 12:36:08] Employee 8822 ИРХИНА ОЛЬГА АНАТОЛЬЕВНА inserted in table employees
[26.10.2011 12:36:08] Employee 8822 ИРХИНА ОЛЬГА АНАТОЛЬЕВНА inserted in table employees_history
[26.10.2011 12:36:08] Employee 8820 КАДЗАСОВ АНТОН АЛЕКСЕЕВИЧ inserted in table employees
[26.10.2011 12:36:08] Employee 8820 КАДЗАСОВ АНТОН АЛЕКСЕЕВИЧ inserted in table employees_history
[26.10.2011 12:36:08] Employee 8813 КИРИЛЫЧЕВ МАКСИМ ВАДИМОВИЧ inserted in table employees
[26.10.2011 12:36:08] Employee 8813 КИРИЛЫЧЕВ МАКСИМ ВАДИМОВИЧ inserted in table employees_history
[26.10.2011 12:36:08] In table employees inserted: 4 records, updated: 27 records.
[26.10.2011 12:36:08] Old records in table employees: 289. Total: 320 records.
[26.10.2011 12:36:08] In table employees_history inserted: 31 records, copied from table employees: 289 records.
